2021-11-15T20:30:42.554Z - error: No config file found in parent directories of D:\Elvis's Items 2\Projects TLC\On GitHub\Dynamaker Guide
2021-11-15T20:30:42.577Z - error: uncaughtException: The "path" argument must be of type string. Received undefined date=Tue Nov 16 2021 04:30:42 GMT+0800 (Singapore Standard Time), pid=8628, uid=null, gid=null, cwd=D:\Elvis's Items 2\Projects TLC\On GitHub\Dynamaker Guide, execPath=D:\Coding\Nodejs\node.exe, version=v12.18.3, argv=[D:\Coding\Nodejs\node.exe, C:\Users\elvis\AppData\Roaming\npm\node_modules\markbind-cli\index.js, serve], rss=86867968, heapTotal=64069632, heapUsed=32243232, external=1475870, arrayBuffers=25766, loadavg=[0, 0, 0], uptime=50394
TypeError [ERR_INVALID_ARG_TYPE]: The "path" argument must be of type string. Received undefined
    at validateString (internal/validators.js:120:11)
    at Object.join (path.js:375:7)
    at Command.<anonymous> (C:\Users\elvis\AppData\Roaming\npm\node_modules\markbind-cli\index.js:125:29)
    at Command.listener (C:\Users\elvis\AppData\Roaming\npm\node_modules\markbind-cli\node_modules\commander\index.js:291:8)
    at Command.emit (events.js:315:20)
    at Command.parseArgs (C:\Users\elvis\AppData\Roaming\npm\node_modules\markbind-cli\node_modules\commander\index.js:672:12)
    at Command.parse (C:\Users\elvis\AppData\Roaming\npm\node_modules\markbind-cli\node_modules\commander\index.js:459:21)
    at Object.<anonymous> (C:\Users\elvis\AppData\Roaming\npm\node_modules\markbind-cli\index.js:317:9)
    at Module._compile (internal/modules/cjs/loader.js:1137:30)
    at Object.Module._extensions..js (internal/modules/cjs/loader.js:1157:10)
    at Module.load (internal/modules/cjs/loader.js:985:32)
    at Function.Module._load (internal/modules/cjs/loader.js:878:14)
    at Function.executeUserEntryPoint [as runMain] (internal/modules/run_main.js:71:12)
    at internal/main/run_main_module.js:17:47
2021-11-15T20:31:41.049Z - info: Website generation started at 4:31:41 AM
2021-11-15T20:31:41.340Z - info: Building assets...
2021-11-15T20:31:41.640Z - info: Assets built
2021-11-15T20:31:41.641Z - info: Generating pages...
2021-11-15T20:31:41.733Z - warn: You might have an invalid intra-link! Ignore this warning if it was intended.
'/dynamaker-guide/Contents/Images/Dynamaker%20Guide%20Logo.png' found in file 'D:\Elvis's Items 2\Projects TLC\On GitHub\Dynamaker Guide\_markbind\headers\header.md'
2021-11-15T20:31:41.735Z - warn: You might have an invalid intra-link! Ignore this warning if it was intended.
'/dynamaker-guide/Contents/Getting%20Started.html' found in file 'D:\Elvis's Items 2\Projects TLC\On GitHub\Dynamaker Guide\_markbind\navigation\main-nav.md'
2021-11-15T20:31:41.735Z - warn: You might have an invalid intra-link! Ignore this warning if it was intended.
'/dynamaker-guide/Contents/Controls%20Nav.html' found in file 'D:\Elvis's Items 2\Projects TLC\On GitHub\Dynamaker Guide\_markbind\navigation\main-nav.md'
2021-11-15T20:31:41.735Z - warn: You might have an invalid intra-link! Ignore this warning if it was intended.
'/dynamaker-guide/Contents/Placing%20Notes.html' found in file 'D:\Elvis's Items 2\Projects TLC\On GitHub\Dynamaker Guide\_markbind\navigation\main-nav.md'
2021-11-15T20:31:41.736Z - warn: You might have an invalid intra-link! Ignore this warning if it was intended.
'/dynamaker-guide/Contents/Special%20Controls.html' found in file 'D:\Elvis's Items 2\Projects TLC\On GitHub\Dynamaker Guide\_markbind\navigation\main-nav.md'
2021-11-15T20:31:41.737Z - warn: You might have an invalid intra-link! Ignore this warning if it was intended.
'/dynamaker-guide/Contents/Controls%20Nav.html#edit_mode' found in file 'D:\Elvis's Items 2\Projects TLC\On GitHub\Dynamaker Guide\_markbind\navigation\main-nav.md'
2021-11-15T20:31:41.737Z - warn: You might have an invalid intra-link! Ignore this warning if it was intended.
'/dynamaker-guide/Contents/Special%20Controls.html#BPM' found in file 'D:\Elvis's Items 2\Projects TLC\On GitHub\Dynamaker Guide\_markbind\navigation\main-nav.md'
2021-11-15T20:31:41.740Z - warn: You might have an invalid intra-link! Ignore this warning if it was intended.
'/dynamaker-guide/Contents/Placing%20Notes.html#Troubleshooting' found in file 'D:\Elvis's Items 2\Projects TLC\On GitHub\Dynamaker Guide\Contents\Controls Nav.md'
2021-11-15T20:31:41.742Z - warn: You might have an invalid intra-link! Ignore this warning if it was intended.
'/dynamaker-guide/Contents/Placing%20Notes.html' found in file 'D:\Elvis's Items 2\Projects TLC\On GitHub\Dynamaker Guide\Contents\Controls Nav.md'
2021-11-15T20:31:41.743Z - warn: You might have an invalid intra-link! Ignore this warning if it was intended.
'/dynamaker-guide/Contents/Placing%20Notes.html#niche' found in file 'D:\Elvis's Items 2\Projects TLC\On GitHub\Dynamaker Guide\Contents\Controls Nav.md'
2021-11-15T20:31:41.743Z - warn: You might have an invalid intra-link! Ignore this warning if it was intended.
'/dynamaker-guide/Contents/Placing%20Notes.html#multi-colour' found in file 'D:\Elvis's Items 2\Projects TLC\On GitHub\Dynamaker Guide\Contents\Controls Nav.md'
2021-11-15T20:31:41.768Z - warn: You might have an invalid intra-link! Ignore this warning if it was intended.
'/dynamaker-guide/Contents/Images/Dynamaker%20Guide%20Logo.png' found in file 'D:\Elvis's Items 2\Projects TLC\On GitHub\Dynamaker Guide\_markbind\headers\header.md'
2021-11-15T20:31:41.769Z - warn: You might have an invalid intra-link! Ignore this warning if it was intended.
'/dynamaker-guide/Contents/Getting%20Started.html' found in file 'D:\Elvis's Items 2\Projects TLC\On GitHub\Dynamaker Guide\_markbind\navigation\main-nav.md'
2021-11-15T20:31:41.770Z - warn: You might have an invalid intra-link! Ignore this warning if it was intended.
'/dynamaker-guide/Contents/Controls%20Nav.html' found in file 'D:\Elvis's Items 2\Projects TLC\On GitHub\Dynamaker Guide\_markbind\navigation\main-nav.md'
2021-11-15T20:31:41.770Z - warn: You might have an invalid intra-link! Ignore this warning if it was intended.
'/dynamaker-guide/Contents/Placing%20Notes.html' found in file 'D:\Elvis's Items 2\Projects TLC\On GitHub\Dynamaker Guide\_markbind\navigation\main-nav.md'
2021-11-15T20:31:41.770Z - warn: You might have an invalid intra-link! Ignore this warning if it was intended.
'/dynamaker-guide/Contents/Special%20Controls.html' found in file 'D:\Elvis's Items 2\Projects TLC\On GitHub\Dynamaker Guide\_markbind\navigation\main-nav.md'
2021-11-15T20:31:41.771Z - warn: You might have an invalid intra-link! Ignore this warning if it was intended.
'/dynamaker-guide/Contents/Controls%20Nav.html#edit_mode' found in file 'D:\Elvis's Items 2\Projects TLC\On GitHub\Dynamaker Guide\_markbind\navigation\main-nav.md'
2021-11-15T20:31:41.771Z - warn: You might have an invalid intra-link! Ignore this warning if it was intended.
'/dynamaker-guide/Contents/Special%20Controls.html#BPM' found in file 'D:\Elvis's Items 2\Projects TLC\On GitHub\Dynamaker Guide\_markbind\navigation\main-nav.md'
2021-11-15T20:31:41.775Z - warn: You might have an invalid intra-link! Ignore this warning if it was intended.
'/dynamaker-guide/Contents/Controls%20Nav.html' found in file 'D:\Elvis's Items 2\Projects TLC\On GitHub\Dynamaker Guide\Contents\Getting Started.md'
2021-11-15T20:31:41.775Z - warn: You might have an invalid intra-link! Ignore this warning if it was intended.
'/dynamaker-guide/Contents/Placing%20Notes.html' found in file 'D:\Elvis's Items 2\Projects TLC\On GitHub\Dynamaker Guide\Contents\Getting Started.md'
2021-11-15T20:31:41.792Z - warn: You might have an invalid intra-link! Ignore this warning if it was intended.
'/dynamaker-guide/Contents/Images/Dynamaker%20Guide%20Logo.png' found in file 'D:\Elvis's Items 2\Projects TLC\On GitHub\Dynamaker Guide\_markbind\headers\header.md'
2021-11-15T20:31:41.793Z - warn: You might have an invalid intra-link! Ignore this warning if it was intended.
'/dynamaker-guide/Contents/Getting%20Started.html' found in file 'D:\Elvis's Items 2\Projects TLC\On GitHub\Dynamaker Guide\_markbind\navigation\main-nav.md'
2021-11-15T20:31:41.793Z - warn: You might have an invalid intra-link! Ignore this warning if it was intended.
'/dynamaker-guide/Contents/Controls%20Nav.html' found in file 'D:\Elvis's Items 2\Projects TLC\On GitHub\Dynamaker Guide\_markbind\navigation\main-nav.md'
2021-11-15T20:31:41.793Z - warn: You might have an invalid intra-link! Ignore this warning if it was intended.
'/dynamaker-guide/Contents/Placing%20Notes.html' found in file 'D:\Elvis's Items 2\Projects TLC\On GitHub\Dynamaker Guide\_markbind\navigation\main-nav.md'
2021-11-15T20:31:41.794Z - warn: You might have an invalid intra-link! Ignore this warning if it was intended.
'/dynamaker-guide/Contents/Special%20Controls.html' found in file 'D:\Elvis's Items 2\Projects TLC\On GitHub\Dynamaker Guide\_markbind\navigation\main-nav.md'
2021-11-15T20:31:41.794Z - warn: You might have an invalid intra-link! Ignore this warning if it was intended.
'/dynamaker-guide/Contents/Controls%20Nav.html#edit_mode' found in file 'D:\Elvis's Items 2\Projects TLC\On GitHub\Dynamaker Guide\_markbind\navigation\main-nav.md'
2021-11-15T20:31:41.794Z - warn: You might have an invalid intra-link! Ignore this warning if it was intended.
'/dynamaker-guide/Contents/Special%20Controls.html#BPM' found in file 'D:\Elvis's Items 2\Projects TLC\On GitHub\Dynamaker Guide\_markbind\navigation\main-nav.md'
2021-11-15T20:31:41.795Z - warn: You might have an invalid intra-link! Ignore this warning if it was intended.
'/dynamaker-guide/Contents/Controls%20Nav.html' found in file 'D:\Elvis's Items 2\Projects TLC\On GitHub\Dynamaker Guide\Contents\Placing Notes.md'
2021-11-15T20:31:41.796Z - warn: You might have an invalid intra-link! Ignore this warning if it was intended.
'/dynamaker-guide/Contents/Images/Blue%20Red%20Purple%20Squares.jpg?raw=true' found in file 'D:\Elvis's Items 2\Projects TLC\On GitHub\Dynamaker Guide\Contents\Placing Notes.md'
2021-11-15T20:31:41.796Z - warn: You might have an invalid intra-link! Ignore this warning if it was intended.
'/dynamaker-guide/Contents/Images/Blue%20Red%20Purple%20Squares.jpg?raw=true' found in file 'D:\Elvis's Items 2\Projects TLC\On GitHub\Dynamaker Guide\Contents\Placing Notes.md'
2021-11-15T20:31:41.797Z - warn: You might have an invalid intra-link! Ignore this warning if it was intended.
'/dynamaker-guide/Contents/Images/Yellow%20and%20Grey%20Square.jpg?raw=true' found in file 'D:\Elvis's Items 2\Projects TLC\On GitHub\Dynamaker Guide\Contents\Placing Notes.md'
2021-11-15T20:31:41.797Z - warn: You might have an invalid intra-link! Ignore this warning if it was intended.
'/dynamaker-guide/Contents/Images/Yellow%20and%20Grey%20Square.jpg?raw=true' found in file 'D:\Elvis's Items 2\Projects TLC\On GitHub\Dynamaker Guide\Contents\Placing Notes.md'
2021-11-15T20:31:41.890Z - warn: You might have an invalid intra-link! Ignore this warning if it was intended.
'/dynamaker-guide/Contents/Images/Dynamaker%20Guide%20Logo.png' found in file 'D:\Elvis's Items 2\Projects TLC\On GitHub\Dynamaker Guide\_markbind\headers\header.md'
2021-11-15T20:31:41.891Z - warn: You might have an invalid intra-link! Ignore this warning if it was intended.
'/dynamaker-guide/Contents/Getting%20Started.html' found in file 'D:\Elvis's Items 2\Projects TLC\On GitHub\Dynamaker Guide\_markbind\navigation\main-nav.md'
2021-11-15T20:31:41.892Z - warn: You might have an invalid intra-link! Ignore this warning if it was intended.
'/dynamaker-guide/Contents/Controls%20Nav.html' found in file 'D:\Elvis's Items 2\Projects TLC\On GitHub\Dynamaker Guide\_markbind\navigation\main-nav.md'
2021-11-15T20:31:41.892Z - warn: You might have an invalid intra-link! Ignore this warning if it was intended.
'/dynamaker-guide/Contents/Placing%20Notes.html' found in file 'D:\Elvis's Items 2\Projects TLC\On GitHub\Dynamaker Guide\_markbind\navigation\main-nav.md'
2021-11-15T20:31:41.892Z - warn: You might have an invalid intra-link! Ignore this warning if it was intended.
'/dynamaker-guide/Contents/Special%20Controls.html' found in file 'D:\Elvis's Items 2\Projects TLC\On GitHub\Dynamaker Guide\_markbind\navigation\main-nav.md'
2021-11-15T20:31:41.893Z - warn: You might have an invalid intra-link! Ignore this warning if it was intended.
'/dynamaker-guide/Contents/Controls%20Nav.html#edit_mode' found in file 'D:\Elvis's Items 2\Projects TLC\On GitHub\Dynamaker Guide\_markbind\navigation\main-nav.md'
2021-11-15T20:31:41.893Z - warn: You might have an invalid intra-link! Ignore this warning if it was intended.
'/dynamaker-guide/Contents/Special%20Controls.html#BPM' found in file 'D:\Elvis's Items 2\Projects TLC\On GitHub\Dynamaker Guide\_markbind\navigation\main-nav.md'
2021-11-15T20:31:41.970Z - warn: You might have an invalid intra-link! Ignore this warning if it was intended.
'/dynamaker-guide/Contents/Images/Dynamaker%20Guide%20Logo.png' found in file 'D:\Elvis's Items 2\Projects TLC\On GitHub\Dynamaker Guide\_markbind\headers\header.md'
2021-11-15T20:31:41.971Z - warn: You might have an invalid intra-link! Ignore this warning if it was intended.
'/dynamaker-guide/Contents/Getting%20Started.html' found in file 'D:\Elvis's Items 2\Projects TLC\On GitHub\Dynamaker Guide\_markbind\navigation\main-nav.md'
2021-11-15T20:31:41.971Z - warn: You might have an invalid intra-link! Ignore this warning if it was intended.
'/dynamaker-guide/Contents/Controls%20Nav.html' found in file 'D:\Elvis's Items 2\Projects TLC\On GitHub\Dynamaker Guide\_markbind\navigation\main-nav.md'
2021-11-15T20:31:41.971Z - warn: You might have an invalid intra-link! Ignore this warning if it was intended.
'/dynamaker-guide/Contents/Placing%20Notes.html' found in file 'D:\Elvis's Items 2\Projects TLC\On GitHub\Dynamaker Guide\_markbind\navigation\main-nav.md'
2021-11-15T20:31:41.971Z - warn: You might have an invalid intra-link! Ignore this warning if it was intended.
'/dynamaker-guide/Contents/Special%20Controls.html' found in file 'D:\Elvis's Items 2\Projects TLC\On GitHub\Dynamaker Guide\_markbind\navigation\main-nav.md'
2021-11-15T20:31:41.972Z - warn: You might have an invalid intra-link! Ignore this warning if it was intended.
'/dynamaker-guide/Contents/Controls%20Nav.html#edit_mode' found in file 'D:\Elvis's Items 2\Projects TLC\On GitHub\Dynamaker Guide\_markbind\navigation\main-nav.md'
2021-11-15T20:31:41.972Z - warn: You might have an invalid intra-link! Ignore this warning if it was intended.
'/dynamaker-guide/Contents/Special%20Controls.html#BPM' found in file 'D:\Elvis's Items 2\Projects TLC\On GitHub\Dynamaker Guide\_markbind\navigation\main-nav.md'
2021-11-15T20:31:41.973Z - warn: You might have an invalid intra-link! Ignore this warning if it was intended.
'/dynamaker-guide/Contents/Old%20Guide%20v1.0.txt' found in file 'D:\Elvis's Items 2\Projects TLC\On GitHub\Dynamaker Guide\mainPg.md'
2021-11-15T20:31:41.973Z - warn: You might have an invalid intra-link! Ignore this warning if it was intended.
'/dynamaker-guide/Contents/Getting%20Started.html' found in file 'D:\Elvis's Items 2\Projects TLC\On GitHub\Dynamaker Guide\mainPg.md'
2021-11-15T20:31:41.973Z - warn: You might have an invalid intra-link! Ignore this warning if it was intended.
'/dynamaker-guide/Contents/Controls%20Nav.html' found in file 'D:\Elvis's Items 2\Projects TLC\On GitHub\Dynamaker Guide\mainPg.md'
2021-11-15T20:31:41.974Z - warn: You might have an invalid intra-link! Ignore this warning if it was intended.
'/dynamaker-guide/Contents/Placing%20Notes.html' found in file 'D:\Elvis's Items 2\Projects TLC\On GitHub\Dynamaker Guide\mainPg.md'
2021-11-15T20:31:41.974Z - warn: You might have an invalid intra-link! Ignore this warning if it was intended.
'/dynamaker-guide/Contents/Special%20Controls.html' found in file 'D:\Elvis's Items 2\Projects TLC\On GitHub\Dynamaker Guide\mainPg.md'
2021-11-15T20:31:41.977Z - warn: You might have an invalid intra-link! Ignore this warning if it was intended.
'/dynamaker-guide/Contents/Placing%20Notes.html#Troubleshooting' found in file 'D:\Elvis's Items 2\Projects TLC\On GitHub\Dynamaker Guide\mainPg.md'
2021-11-15T20:31:41.978Z - warn: You might have an invalid intra-link! Ignore this warning if it was intended.
'/dynamaker-guide/Contents/Controls%20Nav.html#edit_mode' found in file 'D:\Elvis's Items 2\Projects TLC\On GitHub\Dynamaker Guide\mainPg.md'
2021-11-15T20:31:41.978Z - warn: You might have an invalid intra-link! Ignore this warning if it was intended.
'/dynamaker-guide/Contents/Placing%20Notes.html#niche' found in file 'D:\Elvis's Items 2\Projects TLC\On GitHub\Dynamaker Guide\mainPg.md'
2021-11-15T20:31:41.978Z - warn: You might have an invalid intra-link! Ignore this warning if it was intended.
'/dynamaker-guide/Contents/Controls%20Nav.html#random_stuff' found in file 'D:\Elvis's Items 2\Projects TLC\On GitHub\Dynamaker Guide\mainPg.md'
2021-11-15T20:31:41.979Z - warn: You might have an invalid intra-link! Ignore this warning if it was intended.
'/dynamaker-guide/Contents/Special%20Controls.html#BPM' found in file 'D:\Elvis's Items 2\Projects TLC\On GitHub\Dynamaker Guide\mainPg.md'
2021-11-15T20:31:42.008Z - warn: You might have an invalid intra-link! Ignore this warning if it was intended.
'/dynamaker-guide/contents/topic1.html' found in file 'D:\Elvis's Items 2\Projects TLC\On GitHub\Dynamaker Guide\_markbind\layouts\default\header.md'
2021-11-15T20:31:42.009Z - warn: You might have an invalid intra-link! Ignore this warning if it was intended.
'/dynamaker-guide/contents/topic2.html' found in file 'D:\Elvis's Items 2\Projects TLC\On GitHub\Dynamaker Guide\_markbind\layouts\default\header.md'
2021-11-15T20:31:42.010Z - warn: You might have an invalid intra-link! Ignore this warning if it was intended.
'/dynamaker-guide/contents/topic3a.html' found in file 'D:\Elvis's Items 2\Projects TLC\On GitHub\Dynamaker Guide\_markbind\layouts\default\header.md'
2021-11-15T20:31:42.011Z - warn: You might have an invalid intra-link! Ignore this warning if it was intended.
'/dynamaker-guide/contents/topic3b.html' found in file 'D:\Elvis's Items 2\Projects TLC\On GitHub\Dynamaker Guide\_markbind\layouts\default\header.md'
2021-11-15T20:31:42.011Z - warn: You might have an invalid intra-link! Ignore this warning if it was intended.
'/dynamaker-guide/contents/topic1.html' found in file 'D:\Elvis's Items 2\Projects TLC\On GitHub\Dynamaker Guide\_markbind\layouts\default\navigation.md'
2021-11-15T20:31:42.011Z - warn: You might have an invalid intra-link! Ignore this warning if it was intended.
'/dynamaker-guide/contents/topic2.html' found in file 'D:\Elvis's Items 2\Projects TLC\On GitHub\Dynamaker Guide\_markbind\layouts\default\navigation.md'
2021-11-15T20:31:42.011Z - warn: You might have an invalid intra-link! Ignore this warning if it was intended.
'/dynamaker-guide/contents/topic3a.html' found in file 'D:\Elvis's Items 2\Projects TLC\On GitHub\Dynamaker Guide\_markbind\layouts\default\navigation.md'
2021-11-15T20:31:42.012Z - warn: You might have an invalid intra-link! Ignore this warning if it was intended.
'/dynamaker-guide/contents/topic3b.html' found in file 'D:\Elvis's Items 2\Projects TLC\On GitHub\Dynamaker Guide\_markbind\layouts\default\navigation.md'
2021-11-15T20:31:42.013Z - warn: You might have an invalid intra-link! Ignore this warning if it was intended.
'/Contents/Old%20Guide%20v1.0.txt' found in file 'D:\Elvis's Items 2\Projects TLC\On GitHub\Dynamaker Guide\README.md'
2021-11-15T20:31:42.020Z - warn: You might have an invalid intra-link! Ignore this warning if it was intended.
'/dynamaker-guide/contents/topic1.html' found in file 'D:\Elvis's Items 2\Projects TLC\On GitHub\Dynamaker Guide\_markbind\layouts\default\header.md'
2021-11-15T20:31:42.021Z - warn: You might have an invalid intra-link! Ignore this warning if it was intended.
'/dynamaker-guide/contents/topic2.html' found in file 'D:\Elvis's Items 2\Projects TLC\On GitHub\Dynamaker Guide\_markbind\layouts\default\header.md'
2021-11-15T20:31:42.021Z - warn: You might have an invalid intra-link! Ignore this warning if it was intended.
'/dynamaker-guide/contents/topic3a.html' found in file 'D:\Elvis's Items 2\Projects TLC\On GitHub\Dynamaker Guide\_markbind\layouts\default\header.md'
2021-11-15T20:31:42.022Z - warn: You might have an invalid intra-link! Ignore this warning if it was intended.
'/dynamaker-guide/contents/topic3b.html' found in file 'D:\Elvis's Items 2\Projects TLC\On GitHub\Dynamaker Guide\_markbind\layouts\default\header.md'
2021-11-15T20:31:42.024Z - warn: You might have an invalid intra-link! Ignore this warning if it was intended.
'/dynamaker-guide/contents/topic1.html' found in file 'D:\Elvis's Items 2\Projects TLC\On GitHub\Dynamaker Guide\_markbind\layouts\default\navigation.md'
2021-11-15T20:31:42.024Z - warn: You might have an invalid intra-link! Ignore this warning if it was intended.
'/dynamaker-guide/contents/topic2.html' found in file 'D:\Elvis's Items 2\Projects TLC\On GitHub\Dynamaker Guide\_markbind\layouts\default\navigation.md'
2021-11-15T20:31:42.024Z - warn: You might have an invalid intra-link! Ignore this warning if it was intended.
'/dynamaker-guide/contents/topic3a.html' found in file 'D:\Elvis's Items 2\Projects TLC\On GitHub\Dynamaker Guide\_markbind\layouts\default\navigation.md'
2021-11-15T20:31:42.025Z - warn: You might have an invalid intra-link! Ignore this warning if it was intended.
'/dynamaker-guide/contents/topic3b.html' found in file 'D:\Elvis's Items 2\Projects TLC\On GitHub\Dynamaker Guide\_markbind\layouts\default\navigation.md'
2021-11-15T20:31:42.025Z - warn: You might have an invalid intra-link! Ignore this warning if it was intended.
'/dynamaker-guide/Contents/Images/Dynamaker%20Guide%20Start%20Screen.png' found in file 'D:\Elvis's Items 2\Projects TLC\On GitHub\Dynamaker Guide\index.md'
2021-11-15T20:31:42.056Z - warn: You might have an invalid intra-link! Ignore this warning if it was intended.
'/dynamaker-guide/contents/topic1.html' found in file 'D:\Elvis's Items 2\Projects TLC\On GitHub\Dynamaker Guide\_markbind\layouts\default\header.md'
2021-11-15T20:31:42.062Z - warn: You might have an invalid intra-link! Ignore this warning if it was intended.
'/dynamaker-guide/contents/topic2.html' found in file 'D:\Elvis's Items 2\Projects TLC\On GitHub\Dynamaker Guide\_markbind\layouts\default\header.md'
2021-11-15T20:31:42.063Z - warn: You might have an invalid intra-link! Ignore this warning if it was intended.
'/dynamaker-guide/contents/topic3a.html' found in file 'D:\Elvis's Items 2\Projects TLC\On GitHub\Dynamaker Guide\_markbind\layouts\default\header.md'
2021-11-15T20:31:42.063Z - warn: You might have an invalid intra-link! Ignore this warning if it was intended.
'/dynamaker-guide/contents/topic3b.html' found in file 'D:\Elvis's Items 2\Projects TLC\On GitHub\Dynamaker Guide\_markbind\layouts\default\header.md'
2021-11-15T20:31:42.065Z - warn: You might have an invalid intra-link! Ignore this warning if it was intended.
'/dynamaker-guide/contents/topic1.html' found in file 'D:\Elvis's Items 2\Projects TLC\On GitHub\Dynamaker Guide\_markbind\layouts\default\navigation.md'
2021-11-15T20:31:42.065Z - warn: You might have an invalid intra-link! Ignore this warning if it was intended.
'/dynamaker-guide/contents/topic2.html' found in file 'D:\Elvis's Items 2\Projects TLC\On GitHub\Dynamaker Guide\_markbind\layouts\default\navigation.md'
2021-11-15T20:31:42.065Z - warn: You might have an invalid intra-link! Ignore this warning if it was intended.
'/dynamaker-guide/contents/topic3a.html' found in file 'D:\Elvis's Items 2\Projects TLC\On GitHub\Dynamaker Guide\_markbind\layouts\default\navigation.md'
2021-11-15T20:31:42.066Z - warn: You might have an invalid intra-link! Ignore this warning if it was intended.
'/dynamaker-guide/contents/topic3b.html' found in file 'D:\Elvis's Items 2\Projects TLC\On GitHub\Dynamaker Guide\_markbind\layouts\default\navigation.md'
2021-11-15T20:31:42.117Z - warn: You might have an invalid intra-link! Ignore this warning if it was intended.
'/dynamaker-guide/contents/topic1.html' found in file 'D:\Elvis's Items 2\Projects TLC\On GitHub\Dynamaker Guide\_markbind\layouts\default\header.md'
2021-11-15T20:31:42.117Z - warn: You might have an invalid intra-link! Ignore this warning if it was intended.
'/dynamaker-guide/contents/topic2.html' found in file 'D:\Elvis's Items 2\Projects TLC\On GitHub\Dynamaker Guide\_markbind\layouts\default\header.md'
2021-11-15T20:31:42.118Z - warn: You might have an invalid intra-link! Ignore this warning if it was intended.
'/dynamaker-guide/contents/topic3a.html' found in file 'D:\Elvis's Items 2\Projects TLC\On GitHub\Dynamaker Guide\_markbind\layouts\default\header.md'
2021-11-15T20:31:42.118Z - warn: You might have an invalid intra-link! Ignore this warning if it was intended.
'/dynamaker-guide/contents/topic3b.html' found in file 'D:\Elvis's Items 2\Projects TLC\On GitHub\Dynamaker Guide\_markbind\layouts\default\header.md'
2021-11-15T20:31:42.119Z - warn: You might have an invalid intra-link! Ignore this warning if it was intended.
'/dynamaker-guide/contents/topic1.html' found in file 'D:\Elvis's Items 2\Projects TLC\On GitHub\Dynamaker Guide\_markbind\layouts\default\navigation.md'
2021-11-15T20:31:42.119Z - warn: You might have an invalid intra-link! Ignore this warning if it was intended.
'/dynamaker-guide/contents/topic2.html' found in file 'D:\Elvis's Items 2\Projects TLC\On GitHub\Dynamaker Guide\_markbind\layouts\default\navigation.md'
2021-11-15T20:31:42.119Z - warn: You might have an invalid intra-link! Ignore this warning if it was intended.
'/dynamaker-guide/contents/topic3a.html' found in file 'D:\Elvis's Items 2\Projects TLC\On GitHub\Dynamaker Guide\_markbind\layouts\default\navigation.md'
2021-11-15T20:31:42.119Z - warn: You might have an invalid intra-link! Ignore this warning if it was intended.
'/dynamaker-guide/contents/topic3b.html' found in file 'D:\Elvis's Items 2\Projects TLC\On GitHub\Dynamaker Guide\_markbind\layouts\default\navigation.md'
2021-11-15T20:31:42.137Z - warn: You might have an invalid intra-link! Ignore this warning if it was intended.
'/dynamaker-guide/contents/topic1.html' found in file 'D:\Elvis's Items 2\Projects TLC\On GitHub\Dynamaker Guide\_markbind\layouts\default\header.md'
2021-11-15T20:31:42.137Z - warn: You might have an invalid intra-link! Ignore this warning if it was intended.
'/dynamaker-guide/contents/topic2.html' found in file 'D:\Elvis's Items 2\Projects TLC\On GitHub\Dynamaker Guide\_markbind\layouts\default\header.md'
2021-11-15T20:31:42.138Z - warn: You might have an invalid intra-link! Ignore this warning if it was intended.
'/dynamaker-guide/contents/topic3a.html' found in file 'D:\Elvis's Items 2\Projects TLC\On GitHub\Dynamaker Guide\_markbind\layouts\default\header.md'
2021-11-15T20:31:42.138Z - warn: You might have an invalid intra-link! Ignore this warning if it was intended.
'/dynamaker-guide/contents/topic3b.html' found in file 'D:\Elvis's Items 2\Projects TLC\On GitHub\Dynamaker Guide\_markbind\layouts\default\header.md'
2021-11-15T20:31:42.138Z - warn: You might have an invalid intra-link! Ignore this warning if it was intended.
'/dynamaker-guide/contents/topic1.html' found in file 'D:\Elvis's Items 2\Projects TLC\On GitHub\Dynamaker Guide\_markbind\layouts\default\navigation.md'
2021-11-15T20:31:42.139Z - warn: You might have an invalid intra-link! Ignore this warning if it was intended.
'/dynamaker-guide/contents/topic2.html' found in file 'D:\Elvis's Items 2\Projects TLC\On GitHub\Dynamaker Guide\_markbind\layouts\default\navigation.md'
2021-11-15T20:31:42.139Z - warn: You might have an invalid intra-link! Ignore this warning if it was intended.
'/dynamaker-guide/contents/topic3a.html' found in file 'D:\Elvis's Items 2\Projects TLC\On GitHub\Dynamaker Guide\_markbind\layouts\default\navigation.md'
2021-11-15T20:31:42.139Z - warn: You might have an invalid intra-link! Ignore this warning if it was intended.
'/dynamaker-guide/contents/topic3b.html' found in file 'D:\Elvis's Items 2\Projects TLC\On GitHub\Dynamaker Guide\_markbind\layouts\default\navigation.md'
2021-11-15T20:31:42.163Z - warn: You might have an invalid intra-link! Ignore this warning if it was intended.
'/dynamaker-guide/contents/topic1.html' found in file 'D:\Elvis's Items 2\Projects TLC\On GitHub\Dynamaker Guide\_markbind\layouts\default\header.md'
2021-11-15T20:31:42.164Z - warn: You might have an invalid intra-link! Ignore this warning if it was intended.
'/dynamaker-guide/contents/topic2.html' found in file 'D:\Elvis's Items 2\Projects TLC\On GitHub\Dynamaker Guide\_markbind\layouts\default\header.md'
2021-11-15T20:31:42.165Z - warn: You might have an invalid intra-link! Ignore this warning if it was intended.
'/dynamaker-guide/contents/topic3a.html' found in file 'D:\Elvis's Items 2\Projects TLC\On GitHub\Dynamaker Guide\_markbind\layouts\default\header.md'
2021-11-15T20:31:42.166Z - warn: You might have an invalid intra-link! Ignore this warning if it was intended.
'/dynamaker-guide/contents/topic3b.html' found in file 'D:\Elvis's Items 2\Projects TLC\On GitHub\Dynamaker Guide\_markbind\layouts\default\header.md'
2021-11-15T20:31:42.166Z - warn: You might have an invalid intra-link! Ignore this warning if it was intended.
'/dynamaker-guide/contents/topic1.html' found in file 'D:\Elvis's Items 2\Projects TLC\On GitHub\Dynamaker Guide\_markbind\layouts\default\navigation.md'
2021-11-15T20:31:42.167Z - warn: You might have an invalid intra-link! Ignore this warning if it was intended.
'/dynamaker-guide/contents/topic2.html' found in file 'D:\Elvis's Items 2\Projects TLC\On GitHub\Dynamaker Guide\_markbind\layouts\default\navigation.md'
2021-11-15T20:31:42.167Z - warn: You might have an invalid intra-link! Ignore this warning if it was intended.
'/dynamaker-guide/contents/topic3a.html' found in file 'D:\Elvis's Items 2\Projects TLC\On GitHub\Dynamaker Guide\_markbind\layouts\default\navigation.md'
2021-11-15T20:31:42.168Z - warn: You might have an invalid intra-link! Ignore this warning if it was intended.
'/dynamaker-guide/contents/topic3b.html' found in file 'D:\Elvis's Items 2\Projects TLC\On GitHub\Dynamaker Guide\_markbind\layouts\default\navigation.md'
2021-11-15T20:31:42.207Z - info: Pages built
2021-11-15T20:31:42.788Z - info: Site data built
2021-11-15T20:31:42.788Z - info: Website generation complete! Total build time: 1.743s
2021-11-15T20:31:42.958Z - info: Serving "D:\Elvis's Items 2\Projects TLC\On GitHub\Dynamaker Guide\_site" at http://127.0.0.1:8080
2021-11-15T20:31:42.958Z - info: Press CTRL+C to stop ...
2021-11-15T20:33:53.657Z - info: Website generation started at 4:33:53 AM
2021-11-15T20:33:53.731Z - info: Building assets...
2021-11-15T20:33:53.825Z - info: Assets built
2021-11-15T20:33:53.828Z - info: Generating pages...
2021-11-15T20:33:53.917Z - warn: You might have an invalid intra-link! Ignore this warning if it was intended.
'/dynamaker-guide/Contents/Images/Dynamaker%20Guide%20Logo.png' found in file 'D:\Elvis's Items 2\Projects TLC\On GitHub\Dynamaker Guide\_markbind\headers\header.md'
2021-11-15T20:33:53.917Z - warn: You might have an invalid intra-link! Ignore this warning if it was intended.
'/dynamaker-guide/Contents/Getting%20Started.html' found in file 'D:\Elvis's Items 2\Projects TLC\On GitHub\Dynamaker Guide\_markbind\navigation\main-nav.md'
2021-11-15T20:33:53.918Z - warn: You might have an invalid intra-link! Ignore this warning if it was intended.
'/dynamaker-guide/Contents/Controls%20Nav.html' found in file 'D:\Elvis's Items 2\Projects TLC\On GitHub\Dynamaker Guide\_markbind\navigation\main-nav.md'
2021-11-15T20:33:53.919Z - warn: You might have an invalid intra-link! Ignore this warning if it was intended.
'/dynamaker-guide/Contents/Placing%20Notes.html' found in file 'D:\Elvis's Items 2\Projects TLC\On GitHub\Dynamaker Guide\_markbind\navigation\main-nav.md'
2021-11-15T20:33:53.919Z - warn: You might have an invalid intra-link! Ignore this warning if it was intended.
'/dynamaker-guide/Contents/Special%20Controls.html' found in file 'D:\Elvis's Items 2\Projects TLC\On GitHub\Dynamaker Guide\_markbind\navigation\main-nav.md'
2021-11-15T20:33:53.920Z - warn: You might have an invalid intra-link! Ignore this warning if it was intended.
'/dynamaker-guide/Contents/Controls%20Nav.html#edit_mode' found in file 'D:\Elvis's Items 2\Projects TLC\On GitHub\Dynamaker Guide\_markbind\navigation\main-nav.md'
2021-11-15T20:33:53.920Z - warn: You might have an invalid intra-link! Ignore this warning if it was intended.
'/dynamaker-guide/Contents/Special%20Controls.html#BPM' found in file 'D:\Elvis's Items 2\Projects TLC\On GitHub\Dynamaker Guide\_markbind\navigation\main-nav.md'
2021-11-15T20:33:53.922Z - warn: You might have an invalid intra-link! Ignore this warning if it was intended.
'/dynamaker-guide/Contents/Placing%20Notes.html#Troubleshooting' found in file 'D:\Elvis's Items 2\Projects TLC\On GitHub\Dynamaker Guide\Contents\Controls Nav.md'
2021-11-15T20:33:53.924Z - warn: You might have an invalid intra-link! Ignore this warning if it was intended.
'/dynamaker-guide/Contents/Placing%20Notes.html' found in file 'D:\Elvis's Items 2\Projects TLC\On GitHub\Dynamaker Guide\Contents\Controls Nav.md'
2021-11-15T20:33:53.925Z - warn: You might have an invalid intra-link! Ignore this warning if it was intended.
'/dynamaker-guide/Contents/Placing%20Notes.html#niche' found in file 'D:\Elvis's Items 2\Projects TLC\On GitHub\Dynamaker Guide\Contents\Controls Nav.md'
2021-11-15T20:33:53.925Z - warn: You might have an invalid intra-link! Ignore this warning if it was intended.
'/dynamaker-guide/Contents/Placing%20Notes.html#multi-colour' found in file 'D:\Elvis's Items 2\Projects TLC\On GitHub\Dynamaker Guide\Contents\Controls Nav.md'
2021-11-15T20:33:53.946Z - warn: You might have an invalid intra-link! Ignore this warning if it was intended.
'/dynamaker-guide/Contents/Images/Dynamaker%20Guide%20Logo.png' found in file 'D:\Elvis's Items 2\Projects TLC\On GitHub\Dynamaker Guide\_markbind\headers\header.md'
2021-11-15T20:33:53.946Z - warn: You might have an invalid intra-link! Ignore this warning if it was intended.
'/dynamaker-guide/Contents/Getting%20Started.html' found in file 'D:\Elvis's Items 2\Projects TLC\On GitHub\Dynamaker Guide\_markbind\navigation\main-nav.md'
2021-11-15T20:33:53.947Z - warn: You might have an invalid intra-link! Ignore this warning if it was intended.
'/dynamaker-guide/Contents/Controls%20Nav.html' found in file 'D:\Elvis's Items 2\Projects TLC\On GitHub\Dynamaker Guide\_markbind\navigation\main-nav.md'
2021-11-15T20:33:53.947Z - warn: You might have an invalid intra-link! Ignore this warning if it was intended.
'/dynamaker-guide/Contents/Placing%20Notes.html' found in file 'D:\Elvis's Items 2\Projects TLC\On GitHub\Dynamaker Guide\_markbind\navigation\main-nav.md'
2021-11-15T20:33:53.948Z - warn: You might have an invalid intra-link! Ignore this warning if it was intended.
'/dynamaker-guide/Contents/Special%20Controls.html' found in file 'D:\Elvis's Items 2\Projects TLC\On GitHub\Dynamaker Guide\_markbind\navigation\main-nav.md'
2021-11-15T20:33:53.948Z - warn: You might have an invalid intra-link! Ignore this warning if it was intended.
'/dynamaker-guide/Contents/Controls%20Nav.html#edit_mode' found in file 'D:\Elvis's Items 2\Projects TLC\On GitHub\Dynamaker Guide\_markbind\navigation\main-nav.md'
2021-11-15T20:33:53.949Z - warn: You might have an invalid intra-link! Ignore this warning if it was intended.
'/dynamaker-guide/Contents/Special%20Controls.html#BPM' found in file 'D:\Elvis's Items 2\Projects TLC\On GitHub\Dynamaker Guide\_markbind\navigation\main-nav.md'
2021-11-15T20:33:53.950Z - warn: You might have an invalid intra-link! Ignore this warning if it was intended.
'/dynamaker-guide/Contents/Controls%20Nav.html' found in file 'D:\Elvis's Items 2\Projects TLC\On GitHub\Dynamaker Guide\Contents\Placing Notes.md'
2021-11-15T20:33:53.951Z - warn: You might have an invalid intra-link! Ignore this warning if it was intended.
'/dynamaker-guide/Contents/Images/Blue%20Red%20Purple%20Squares.jpg?raw=true' found in file 'D:\Elvis's Items 2\Projects TLC\On GitHub\Dynamaker Guide\Contents\Placing Notes.md'
2021-11-15T20:33:53.951Z - warn: You might have an invalid intra-link! Ignore this warning if it was intended.
'/dynamaker-guide/Contents/Images/Blue%20Red%20Purple%20Squares.jpg?raw=true' found in file 'D:\Elvis's Items 2\Projects TLC\On GitHub\Dynamaker Guide\Contents\Placing Notes.md'
2021-11-15T20:33:53.952Z - warn: You might have an invalid intra-link! Ignore this warning if it was intended.
'/dynamaker-guide/Contents/Images/Yellow%20and%20Grey%20Square.jpg?raw=true' found in file 'D:\Elvis's Items 2\Projects TLC\On GitHub\Dynamaker Guide\Contents\Placing Notes.md'
2021-11-15T20:33:53.952Z - warn: You might have an invalid intra-link! Ignore this warning if it was intended.
'/dynamaker-guide/Contents/Images/Yellow%20and%20Grey%20Square.jpg?raw=true' found in file 'D:\Elvis's Items 2\Projects TLC\On GitHub\Dynamaker Guide\Contents\Placing Notes.md'
2021-11-15T20:33:53.970Z - warn: You might have an invalid intra-link! Ignore this warning if it was intended.
'/dynamaker-guide/Contents/Images/Dynamaker%20Guide%20Logo.png' found in file 'D:\Elvis's Items 2\Projects TLC\On GitHub\Dynamaker Guide\_markbind\headers\header.md'
2021-11-15T20:33:53.971Z - warn: You might have an invalid intra-link! Ignore this warning if it was intended.
'/dynamaker-guide/Contents/Getting%20Started.html' found in file 'D:\Elvis's Items 2\Projects TLC\On GitHub\Dynamaker Guide\_markbind\navigation\main-nav.md'
2021-11-15T20:33:53.971Z - warn: You might have an invalid intra-link! Ignore this warning if it was intended.
'/dynamaker-guide/Contents/Controls%20Nav.html' found in file 'D:\Elvis's Items 2\Projects TLC\On GitHub\Dynamaker Guide\_markbind\navigation\main-nav.md'
2021-11-15T20:33:53.971Z - warn: You might have an invalid intra-link! Ignore this warning if it was intended.
'/dynamaker-guide/Contents/Placing%20Notes.html' found in file 'D:\Elvis's Items 2\Projects TLC\On GitHub\Dynamaker Guide\_markbind\navigation\main-nav.md'
2021-11-15T20:33:53.971Z - warn: You might have an invalid intra-link! Ignore this warning if it was intended.
'/dynamaker-guide/Contents/Special%20Controls.html' found in file 'D:\Elvis's Items 2\Projects TLC\On GitHub\Dynamaker Guide\_markbind\navigation\main-nav.md'
2021-11-15T20:33:53.972Z - warn: You might have an invalid intra-link! Ignore this warning if it was intended.
'/dynamaker-guide/Contents/Controls%20Nav.html#edit_mode' found in file 'D:\Elvis's Items 2\Projects TLC\On GitHub\Dynamaker Guide\_markbind\navigation\main-nav.md'
2021-11-15T20:33:53.973Z - warn: You might have an invalid intra-link! Ignore this warning if it was intended.
'/dynamaker-guide/Contents/Special%20Controls.html#BPM' found in file 'D:\Elvis's Items 2\Projects TLC\On GitHub\Dynamaker Guide\_markbind\navigation\main-nav.md'
2021-11-15T20:33:53.976Z - warn: You might have an invalid intra-link! Ignore this warning if it was intended.
'/dynamaker-guide/Contents/Controls%20Nav.html' found in file 'D:\Elvis's Items 2\Projects TLC\On GitHub\Dynamaker Guide\Contents\Getting Started.md'
2021-11-15T20:33:53.976Z - warn: You might have an invalid intra-link! Ignore this warning if it was intended.
'/dynamaker-guide/Contents/Placing%20Notes.html' found in file 'D:\Elvis's Items 2\Projects TLC\On GitHub\Dynamaker Guide\Contents\Getting Started.md'
2021-11-15T20:33:54.083Z - warn: You might have an invalid intra-link! Ignore this warning if it was intended.
'/dynamaker-guide/Contents/Images/Dynamaker%20Guide%20Logo.png' found in file 'D:\Elvis's Items 2\Projects TLC\On GitHub\Dynamaker Guide\_markbind\headers\header.md'
2021-11-15T20:33:54.084Z - warn: You might have an invalid intra-link! Ignore this warning if it was intended.
'/dynamaker-guide/Contents/Getting%20Started.html' found in file 'D:\Elvis's Items 2\Projects TLC\On GitHub\Dynamaker Guide\_markbind\navigation\main-nav.md'
2021-11-15T20:33:54.084Z - warn: You might have an invalid intra-link! Ignore this warning if it was intended.
'/dynamaker-guide/Contents/Controls%20Nav.html' found in file 'D:\Elvis's Items 2\Projects TLC\On GitHub\Dynamaker Guide\_markbind\navigation\main-nav.md'
2021-11-15T20:33:54.085Z - warn: You might have an invalid intra-link! Ignore this warning if it was intended.
'/dynamaker-guide/Contents/Placing%20Notes.html' found in file 'D:\Elvis's Items 2\Projects TLC\On GitHub\Dynamaker Guide\_markbind\navigation\main-nav.md'
2021-11-15T20:33:54.085Z - warn: You might have an invalid intra-link! Ignore this warning if it was intended.
'/dynamaker-guide/Contents/Special%20Controls.html' found in file 'D:\Elvis's Items 2\Projects TLC\On GitHub\Dynamaker Guide\_markbind\navigation\main-nav.md'
2021-11-15T20:33:54.086Z - warn: You might have an invalid intra-link! Ignore this warning if it was intended.
'/dynamaker-guide/Contents/Controls%20Nav.html#edit_mode' found in file 'D:\Elvis's Items 2\Projects TLC\On GitHub\Dynamaker Guide\_markbind\navigation\main-nav.md'
2021-11-15T20:33:54.086Z - warn: You might have an invalid intra-link! Ignore this warning if it was intended.
'/dynamaker-guide/Contents/Special%20Controls.html#BPM' found in file 'D:\Elvis's Items 2\Projects TLC\On GitHub\Dynamaker Guide\_markbind\navigation\main-nav.md'
2021-11-15T20:33:54.175Z - warn: You might have an invalid intra-link! Ignore this warning if it was intended.
'/dynamaker-guide/Contents/Images/Dynamaker%20Guide%20Logo.png' found in file 'D:\Elvis's Items 2\Projects TLC\On GitHub\Dynamaker Guide\_markbind\headers\header.md'
2021-11-15T20:33:54.175Z - warn: You might have an invalid intra-link! Ignore this warning if it was intended.
'/dynamaker-guide/Contents/Getting%20Started.html' found in file 'D:\Elvis's Items 2\Projects TLC\On GitHub\Dynamaker Guide\_markbind\navigation\main-nav.md'
2021-11-15T20:33:54.176Z - warn: You might have an invalid intra-link! Ignore this warning if it was intended.
'/dynamaker-guide/Contents/Controls%20Nav.html' found in file 'D:\Elvis's Items 2\Projects TLC\On GitHub\Dynamaker Guide\_markbind\navigation\main-nav.md'
2021-11-15T20:33:54.176Z - warn: You might have an invalid intra-link! Ignore this warning if it was intended.
'/dynamaker-guide/Contents/Placing%20Notes.html' found in file 'D:\Elvis's Items 2\Projects TLC\On GitHub\Dynamaker Guide\_markbind\navigation\main-nav.md'
2021-11-15T20:33:54.176Z - warn: You might have an invalid intra-link! Ignore this warning if it was intended.
'/dynamaker-guide/Contents/Special%20Controls.html' found in file 'D:\Elvis's Items 2\Projects TLC\On GitHub\Dynamaker Guide\_markbind\navigation\main-nav.md'
2021-11-15T20:33:54.177Z - warn: You might have an invalid intra-link! Ignore this warning if it was intended.
'/dynamaker-guide/Contents/Controls%20Nav.html#edit_mode' found in file 'D:\Elvis's Items 2\Projects TLC\On GitHub\Dynamaker Guide\_markbind\navigation\main-nav.md'
2021-11-15T20:33:54.177Z - warn: You might have an invalid intra-link! Ignore this warning if it was intended.
'/dynamaker-guide/Contents/Special%20Controls.html#BPM' found in file 'D:\Elvis's Items 2\Projects TLC\On GitHub\Dynamaker Guide\_markbind\navigation\main-nav.md'
2021-11-15T20:33:54.178Z - warn: You might have an invalid intra-link! Ignore this warning if it was intended.
'/dynamaker-guide/Contents/Old%20Guide%20v1.0.txt' found in file 'D:\Elvis's Items 2\Projects TLC\On GitHub\Dynamaker Guide\mainPg.md'
2021-11-15T20:33:54.180Z - warn: You might have an invalid intra-link! Ignore this warning if it was intended.
'/dynamaker-guide/Contents/Getting%20Started.html' found in file 'D:\Elvis's Items 2\Projects TLC\On GitHub\Dynamaker Guide\mainPg.md'
2021-11-15T20:33:54.181Z - warn: You might have an invalid intra-link! Ignore this warning if it was intended.
'/dynamaker-guide/Contents/Controls%20Nav.html' found in file 'D:\Elvis's Items 2\Projects TLC\On GitHub\Dynamaker Guide\mainPg.md'
2021-11-15T20:33:54.181Z - warn: You might have an invalid intra-link! Ignore this warning if it was intended.
'/dynamaker-guide/Contents/Placing%20Notes.html' found in file 'D:\Elvis's Items 2\Projects TLC\On GitHub\Dynamaker Guide\mainPg.md'
2021-11-15T20:33:54.181Z - warn: You might have an invalid intra-link! Ignore this warning if it was intended.
'/dynamaker-guide/Contents/Special%20Controls.html' found in file 'D:\Elvis's Items 2\Projects TLC\On GitHub\Dynamaker Guide\mainPg.md'
2021-11-15T20:33:54.181Z - warn: You might have an invalid intra-link! Ignore this warning if it was intended.
'/dynamaker-guide/Contents/Placing%20Notes.html#Troubleshooting' found in file 'D:\Elvis's Items 2\Projects TLC\On GitHub\Dynamaker Guide\mainPg.md'
2021-11-15T20:33:54.182Z - warn: You might have an invalid intra-link! Ignore this warning if it was intended.
'/dynamaker-guide/Contents/Controls%20Nav.html#edit_mode' found in file 'D:\Elvis's Items 2\Projects TLC\On GitHub\Dynamaker Guide\mainPg.md'
2021-11-15T20:33:54.182Z - warn: You might have an invalid intra-link! Ignore this warning if it was intended.
'/dynamaker-guide/Contents/Placing%20Notes.html#niche' found in file 'D:\Elvis's Items 2\Projects TLC\On GitHub\Dynamaker Guide\mainPg.md'
2021-11-15T20:33:54.183Z - warn: You might have an invalid intra-link! Ignore this warning if it was intended.
'/dynamaker-guide/Contents/Controls%20Nav.html#random_stuff' found in file 'D:\Elvis's Items 2\Projects TLC\On GitHub\Dynamaker Guide\mainPg.md'
2021-11-15T20:33:54.183Z - warn: You might have an invalid intra-link! Ignore this warning if it was intended.
'/dynamaker-guide/Contents/Special%20Controls.html#BPM' found in file 'D:\Elvis's Items 2\Projects TLC\On GitHub\Dynamaker Guide\mainPg.md'
2021-11-15T20:33:54.194Z - warn: You might have an invalid intra-link! Ignore this warning if it was intended.
'/dynamaker-guide/contents/topic1.html' found in file 'D:\Elvis's Items 2\Projects TLC\On GitHub\Dynamaker Guide\_markbind\layouts\default\header.md'
2021-11-15T20:33:54.196Z - warn: You might have an invalid intra-link! Ignore this warning if it was intended.
'/dynamaker-guide/contents/topic2.html' found in file 'D:\Elvis's Items 2\Projects TLC\On GitHub\Dynamaker Guide\_markbind\layouts\default\header.md'
2021-11-15T20:33:54.197Z - warn: You might have an invalid intra-link! Ignore this warning if it was intended.
'/dynamaker-guide/contents/topic3a.html' found in file 'D:\Elvis's Items 2\Projects TLC\On GitHub\Dynamaker Guide\_markbind\layouts\default\header.md'
2021-11-15T20:33:54.197Z - warn: You might have an invalid intra-link! Ignore this warning if it was intended.
'/dynamaker-guide/contents/topic3b.html' found in file 'D:\Elvis's Items 2\Projects TLC\On GitHub\Dynamaker Guide\_markbind\layouts\default\header.md'
2021-11-15T20:33:54.198Z - warn: You might have an invalid intra-link! Ignore this warning if it was intended.
'/dynamaker-guide/contents/topic1.html' found in file 'D:\Elvis's Items 2\Projects TLC\On GitHub\Dynamaker Guide\_markbind\layouts\default\navigation.md'
2021-11-15T20:33:54.198Z - warn: You might have an invalid intra-link! Ignore this warning if it was intended.
'/dynamaker-guide/contents/topic2.html' found in file 'D:\Elvis's Items 2\Projects TLC\On GitHub\Dynamaker Guide\_markbind\layouts\default\navigation.md'
2021-11-15T20:33:54.199Z - warn: You might have an invalid intra-link! Ignore this warning if it was intended.
'/dynamaker-guide/contents/topic3a.html' found in file 'D:\Elvis's Items 2\Projects TLC\On GitHub\Dynamaker Guide\_markbind\layouts\default\navigation.md'
2021-11-15T20:33:54.199Z - warn: You might have an invalid intra-link! Ignore this warning if it was intended.
'/dynamaker-guide/contents/topic3b.html' found in file 'D:\Elvis's Items 2\Projects TLC\On GitHub\Dynamaker Guide\_markbind\layouts\default\navigation.md'
2021-11-15T20:33:54.199Z - warn: You might have an invalid intra-link! Ignore this warning if it was intended.
'/dynamaker-guide/Contents/Images/Dynamaker%20Guide%20Start%20Screen.png' found in file 'D:\Elvis's Items 2\Projects TLC\On GitHub\Dynamaker Guide\index.md'
2021-11-15T20:33:54.235Z - warn: You might have an invalid intra-link! Ignore this warning if it was intended.
'/dynamaker-guide/contents/topic1.html' found in file 'D:\Elvis's Items 2\Projects TLC\On GitHub\Dynamaker Guide\_markbind\layouts\default\header.md'
2021-11-15T20:33:54.238Z - warn: You might have an invalid intra-link! Ignore this warning if it was intended.
'/dynamaker-guide/contents/topic2.html' found in file 'D:\Elvis's Items 2\Projects TLC\On GitHub\Dynamaker Guide\_markbind\layouts\default\header.md'
2021-11-15T20:33:54.238Z - warn: You might have an invalid intra-link! Ignore this warning if it was intended.
'/dynamaker-guide/contents/topic3a.html' found in file 'D:\Elvis's Items 2\Projects TLC\On GitHub\Dynamaker Guide\_markbind\layouts\default\header.md'
2021-11-15T20:33:54.239Z - warn: You might have an invalid intra-link! Ignore this warning if it was intended.
'/dynamaker-guide/contents/topic3b.html' found in file 'D:\Elvis's Items 2\Projects TLC\On GitHub\Dynamaker Guide\_markbind\layouts\default\header.md'
2021-11-15T20:33:54.239Z - warn: You might have an invalid intra-link! Ignore this warning if it was intended.
'/dynamaker-guide/contents/topic1.html' found in file 'D:\Elvis's Items 2\Projects TLC\On GitHub\Dynamaker Guide\_markbind\layouts\default\navigation.md'
2021-11-15T20:33:54.239Z - warn: You might have an invalid intra-link! Ignore this warning if it was intended.
'/dynamaker-guide/contents/topic2.html' found in file 'D:\Elvis's Items 2\Projects TLC\On GitHub\Dynamaker Guide\_markbind\layouts\default\navigation.md'
2021-11-15T20:33:54.240Z - warn: You might have an invalid intra-link! Ignore this warning if it was intended.
'/dynamaker-guide/contents/topic3a.html' found in file 'D:\Elvis's Items 2\Projects TLC\On GitHub\Dynamaker Guide\_markbind\layouts\default\navigation.md'
2021-11-15T20:33:54.240Z - warn: You might have an invalid intra-link! Ignore this warning if it was intended.
'/dynamaker-guide/contents/topic3b.html' found in file 'D:\Elvis's Items 2\Projects TLC\On GitHub\Dynamaker Guide\_markbind\layouts\default\navigation.md'
2021-11-15T20:33:54.241Z - warn: You might have an invalid intra-link! Ignore this warning if it was intended.
'/Contents/Old%20Guide%20v1.0.txt' found in file 'D:\Elvis's Items 2\Projects TLC\On GitHub\Dynamaker Guide\README.md'
2021-11-15T20:33:54.264Z - warn: You might have an invalid intra-link! Ignore this warning if it was intended.
'/dynamaker-guide/contents/topic1.html' found in file 'D:\Elvis's Items 2\Projects TLC\On GitHub\Dynamaker Guide\_markbind\layouts\default\header.md'
2021-11-15T20:33:54.264Z - warn: You might have an invalid intra-link! Ignore this warning if it was intended.
'/dynamaker-guide/contents/topic2.html' found in file 'D:\Elvis's Items 2\Projects TLC\On GitHub\Dynamaker Guide\_markbind\layouts\default\header.md'
2021-11-15T20:33:54.265Z - warn: You might have an invalid intra-link! Ignore this warning if it was intended.
'/dynamaker-guide/contents/topic3a.html' found in file 'D:\Elvis's Items 2\Projects TLC\On GitHub\Dynamaker Guide\_markbind\layouts\default\header.md'
2021-11-15T20:33:54.265Z - warn: You might have an invalid intra-link! Ignore this warning if it was intended.
'/dynamaker-guide/contents/topic3b.html' found in file 'D:\Elvis's Items 2\Projects TLC\On GitHub\Dynamaker Guide\_markbind\layouts\default\header.md'
2021-11-15T20:33:54.266Z - warn: You might have an invalid intra-link! Ignore this warning if it was intended.
'/dynamaker-guide/contents/topic1.html' found in file 'D:\Elvis's Items 2\Projects TLC\On GitHub\Dynamaker Guide\_markbind\layouts\default\navigation.md'
2021-11-15T20:33:54.266Z - warn: You might have an invalid intra-link! Ignore this warning if it was intended.
'/dynamaker-guide/contents/topic2.html' found in file 'D:\Elvis's Items 2\Projects TLC\On GitHub\Dynamaker Guide\_markbind\layouts\default\navigation.md'
2021-11-15T20:33:54.266Z - warn: You might have an invalid intra-link! Ignore this warning if it was intended.
'/dynamaker-guide/contents/topic3a.html' found in file 'D:\Elvis's Items 2\Projects TLC\On GitHub\Dynamaker Guide\_markbind\layouts\default\navigation.md'
2021-11-15T20:33:54.267Z - warn: You might have an invalid intra-link! Ignore this warning if it was intended.
'/dynamaker-guide/contents/topic3b.html' found in file 'D:\Elvis's Items 2\Projects TLC\On GitHub\Dynamaker Guide\_markbind\layouts\default\navigation.md'
2021-11-15T20:33:54.303Z - warn: You might have an invalid intra-link! Ignore this warning if it was intended.
'/dynamaker-guide/contents/topic1.html' found in file 'D:\Elvis's Items 2\Projects TLC\On GitHub\Dynamaker Guide\_markbind\layouts\default\header.md'
2021-11-15T20:33:54.303Z - warn: You might have an invalid intra-link! Ignore this warning if it was intended.
'/dynamaker-guide/contents/topic2.html' found in file 'D:\Elvis's Items 2\Projects TLC\On GitHub\Dynamaker Guide\_markbind\layouts\default\header.md'
2021-11-15T20:33:54.304Z - warn: You might have an invalid intra-link! Ignore this warning if it was intended.
'/dynamaker-guide/contents/topic3a.html' found in file 'D:\Elvis's Items 2\Projects TLC\On GitHub\Dynamaker Guide\_markbind\layouts\default\header.md'
2021-11-15T20:33:54.304Z - warn: You might have an invalid intra-link! Ignore this warning if it was intended.
'/dynamaker-guide/contents/topic3b.html' found in file 'D:\Elvis's Items 2\Projects TLC\On GitHub\Dynamaker Guide\_markbind\layouts\default\header.md'
2021-11-15T20:33:54.305Z - warn: You might have an invalid intra-link! Ignore this warning if it was intended.
'/dynamaker-guide/contents/topic1.html' found in file 'D:\Elvis's Items 2\Projects TLC\On GitHub\Dynamaker Guide\_markbind\layouts\default\navigation.md'
2021-11-15T20:33:54.305Z - warn: You might have an invalid intra-link! Ignore this warning if it was intended.
'/dynamaker-guide/contents/topic2.html' found in file 'D:\Elvis's Items 2\Projects TLC\On GitHub\Dynamaker Guide\_markbind\layouts\default\navigation.md'
2021-11-15T20:33:54.305Z - warn: You might have an invalid intra-link! Ignore this warning if it was intended.
'/dynamaker-guide/contents/topic3a.html' found in file 'D:\Elvis's Items 2\Projects TLC\On GitHub\Dynamaker Guide\_markbind\layouts\default\navigation.md'
2021-11-15T20:33:54.307Z - warn: You might have an invalid intra-link! Ignore this warning if it was intended.
'/dynamaker-guide/contents/topic3b.html' found in file 'D:\Elvis's Items 2\Projects TLC\On GitHub\Dynamaker Guide\_markbind\layouts\default\navigation.md'
2021-11-15T20:33:54.329Z - warn: You might have an invalid intra-link! Ignore this warning if it was intended.
'/dynamaker-guide/contents/topic1.html' found in file 'D:\Elvis's Items 2\Projects TLC\On GitHub\Dynamaker Guide\_markbind\layouts\default\header.md'
2021-11-15T20:33:54.330Z - warn: You might have an invalid intra-link! Ignore this warning if it was intended.
'/dynamaker-guide/contents/topic2.html' found in file 'D:\Elvis's Items 2\Projects TLC\On GitHub\Dynamaker Guide\_markbind\layouts\default\header.md'
2021-11-15T20:33:54.330Z - warn: You might have an invalid intra-link! Ignore this warning if it was intended.
'/dynamaker-guide/contents/topic3a.html' found in file 'D:\Elvis's Items 2\Projects TLC\On GitHub\Dynamaker Guide\_markbind\layouts\default\header.md'
2021-11-15T20:33:54.331Z - warn: You might have an invalid intra-link! Ignore this warning if it was intended.
'/dynamaker-guide/contents/topic3b.html' found in file 'D:\Elvis's Items 2\Projects TLC\On GitHub\Dynamaker Guide\_markbind\layouts\default\header.md'
2021-11-15T20:33:54.331Z - warn: You might have an invalid intra-link! Ignore this warning if it was intended.
'/dynamaker-guide/contents/topic1.html' found in file 'D:\Elvis's Items 2\Projects TLC\On GitHub\Dynamaker Guide\_markbind\layouts\default\navigation.md'
2021-11-15T20:33:54.332Z - warn: You might have an invalid intra-link! Ignore this warning if it was intended.
'/dynamaker-guide/contents/topic2.html' found in file 'D:\Elvis's Items 2\Projects TLC\On GitHub\Dynamaker Guide\_markbind\layouts\default\navigation.md'
2021-11-15T20:33:54.332Z - warn: You might have an invalid intra-link! Ignore this warning if it was intended.
'/dynamaker-guide/contents/topic3a.html' found in file 'D:\Elvis's Items 2\Projects TLC\On GitHub\Dynamaker Guide\_markbind\layouts\default\navigation.md'
2021-11-15T20:33:54.332Z - warn: You might have an invalid intra-link! Ignore this warning if it was intended.
'/dynamaker-guide/contents/topic3b.html' found in file 'D:\Elvis's Items 2\Projects TLC\On GitHub\Dynamaker Guide\_markbind\layouts\default\navigation.md'
2021-11-15T20:33:54.355Z - warn: You might have an invalid intra-link! Ignore this warning if it was intended.
'/dynamaker-guide/contents/topic1.html' found in file 'D:\Elvis's Items 2\Projects TLC\On GitHub\Dynamaker Guide\_markbind\layouts\default\header.md'
2021-11-15T20:33:54.356Z - warn: You might have an invalid intra-link! Ignore this warning if it was intended.
'/dynamaker-guide/contents/topic2.html' found in file 'D:\Elvis's Items 2\Projects TLC\On GitHub\Dynamaker Guide\_markbind\layouts\default\header.md'
2021-11-15T20:33:54.356Z - warn: You might have an invalid intra-link! Ignore this warning if it was intended.
'/dynamaker-guide/contents/topic3a.html' found in file 'D:\Elvis's Items 2\Projects TLC\On GitHub\Dynamaker Guide\_markbind\layouts\default\header.md'
2021-11-15T20:33:54.357Z - warn: You might have an invalid intra-link! Ignore this warning if it was intended.
'/dynamaker-guide/contents/topic3b.html' found in file 'D:\Elvis's Items 2\Projects TLC\On GitHub\Dynamaker Guide\_markbind\layouts\default\header.md'
2021-11-15T20:33:54.357Z - warn: You might have an invalid intra-link! Ignore this warning if it was intended.
'/dynamaker-guide/contents/topic1.html' found in file 'D:\Elvis's Items 2\Projects TLC\On GitHub\Dynamaker Guide\_markbind\layouts\default\navigation.md'
2021-11-15T20:33:54.358Z - warn: You might have an invalid intra-link! Ignore this warning if it was intended.
'/dynamaker-guide/contents/topic2.html' found in file 'D:\Elvis's Items 2\Projects TLC\On GitHub\Dynamaker Guide\_markbind\layouts\default\navigation.md'
2021-11-15T20:33:54.358Z - warn: You might have an invalid intra-link! Ignore this warning if it was intended.
'/dynamaker-guide/contents/topic3a.html' found in file 'D:\Elvis's Items 2\Projects TLC\On GitHub\Dynamaker Guide\_markbind\layouts\default\navigation.md'
2021-11-15T20:33:54.358Z - warn: You might have an invalid intra-link! Ignore this warning if it was intended.
'/dynamaker-guide/contents/topic3b.html' found in file 'D:\Elvis's Items 2\Projects TLC\On GitHub\Dynamaker Guide\_markbind\layouts\default\navigation.md'
2021-11-15T20:33:54.390Z - info: Pages built
2021-11-15T20:33:54.479Z - info: Site data built
2021-11-15T20:33:54.480Z - info: Website generation complete! Total build time: 0.846s
2021-11-15T20:33:54.481Z - info: Build success!
2021-11-15T20:37:52.588Z - info: Deployed at https://TLChicken.github.io/dynamaker-guide!
