2022-01-02T14:33:32.512Z - info: Website generation started at 10:33:32 PM
2022-01-02T14:33:32.902Z - info: Building assets...
2022-01-02T14:33:33.105Z - info: Assets built
2022-01-02T14:33:33.106Z - info: Generating pages...
2022-01-02T14:33:33.201Z - warn: You might have an invalid intra-link! Ignore this warning if it was intended.
'/dynamaker-guide/Contents/Images/Dynamaker%20Guide%20Logo.png' found in file 'D:\Elvis's Items 2\Projects TLC\On GitHub\Dynamaker Guide\_markbind\headers\header.md'
2022-01-02T14:33:33.203Z - warn: You might have an invalid intra-link! Ignore this warning if it was intended.
'/dynamaker-guide/Contents/Getting%20Started.html' found in file 'D:\Elvis's Items 2\Projects TLC\On GitHub\Dynamaker Guide\_markbind\navigation\main-nav.md'
2022-01-02T14:33:33.203Z - warn: You might have an invalid intra-link! Ignore this warning if it was intended.
'/dynamaker-guide/Contents/Controls%20Nav.html' found in file 'D:\Elvis's Items 2\Projects TLC\On GitHub\Dynamaker Guide\_markbind\navigation\main-nav.md'
2022-01-02T14:33:33.203Z - warn: You might have an invalid intra-link! Ignore this warning if it was intended.
'/dynamaker-guide/Contents/Placing%20Notes.html' found in file 'D:\Elvis's Items 2\Projects TLC\On GitHub\Dynamaker Guide\_markbind\navigation\main-nav.md'
2022-01-02T14:33:33.205Z - warn: You might have an invalid intra-link! Ignore this warning if it was intended.
'/dynamaker-guide/Contents/Special%20Controls.html' found in file 'D:\Elvis's Items 2\Projects TLC\On GitHub\Dynamaker Guide\_markbind\navigation\main-nav.md'
2022-01-02T14:33:33.206Z - warn: You might have an invalid intra-link! Ignore this warning if it was intended.
'/dynamaker-guide/Contents/Controls%20Nav.html#edit_mode' found in file 'D:\Elvis's Items 2\Projects TLC\On GitHub\Dynamaker Guide\_markbind\navigation\main-nav.md'
2022-01-02T14:33:33.206Z - warn: You might have an invalid intra-link! Ignore this warning if it was intended.
'/dynamaker-guide/Contents/Special%20Controls.html#BPM' found in file 'D:\Elvis's Items 2\Projects TLC\On GitHub\Dynamaker Guide\_markbind\navigation\main-nav.md'
2022-01-02T14:33:33.214Z - warn: You might have an invalid intra-link! Ignore this warning if it was intended.
'/dynamaker-guide/Contents/Controls%20Nav.html' found in file 'D:\Elvis's Items 2\Projects TLC\On GitHub\Dynamaker Guide\Contents\Getting Started.md'
2022-01-02T14:33:33.214Z - warn: You might have an invalid intra-link! Ignore this warning if it was intended.
'/dynamaker-guide/Contents/Placing%20Notes.html' found in file 'D:\Elvis's Items 2\Projects TLC\On GitHub\Dynamaker Guide\Contents\Getting Started.md'
2022-01-02T14:33:33.232Z - warn: You might have an invalid intra-link! Ignore this warning if it was intended.
'/dynamaker-guide/Contents/Images/Dynamaker%20Guide%20Logo.png' found in file 'D:\Elvis's Items 2\Projects TLC\On GitHub\Dynamaker Guide\_markbind\headers\header.md'
2022-01-02T14:33:33.233Z - warn: You might have an invalid intra-link! Ignore this warning if it was intended.
'/dynamaker-guide/Contents/Getting%20Started.html' found in file 'D:\Elvis's Items 2\Projects TLC\On GitHub\Dynamaker Guide\_markbind\navigation\main-nav.md'
2022-01-02T14:33:33.233Z - warn: You might have an invalid intra-link! Ignore this warning if it was intended.
'/dynamaker-guide/Contents/Controls%20Nav.html' found in file 'D:\Elvis's Items 2\Projects TLC\On GitHub\Dynamaker Guide\_markbind\navigation\main-nav.md'
2022-01-02T14:33:33.234Z - warn: You might have an invalid intra-link! Ignore this warning if it was intended.
'/dynamaker-guide/Contents/Placing%20Notes.html' found in file 'D:\Elvis's Items 2\Projects TLC\On GitHub\Dynamaker Guide\_markbind\navigation\main-nav.md'
2022-01-02T14:33:33.235Z - warn: You might have an invalid intra-link! Ignore this warning if it was intended.
'/dynamaker-guide/Contents/Special%20Controls.html' found in file 'D:\Elvis's Items 2\Projects TLC\On GitHub\Dynamaker Guide\_markbind\navigation\main-nav.md'
2022-01-02T14:33:33.235Z - warn: You might have an invalid intra-link! Ignore this warning if it was intended.
'/dynamaker-guide/Contents/Controls%20Nav.html#edit_mode' found in file 'D:\Elvis's Items 2\Projects TLC\On GitHub\Dynamaker Guide\_markbind\navigation\main-nav.md'
2022-01-02T14:33:33.235Z - warn: You might have an invalid intra-link! Ignore this warning if it was intended.
'/dynamaker-guide/Contents/Special%20Controls.html#BPM' found in file 'D:\Elvis's Items 2\Projects TLC\On GitHub\Dynamaker Guide\_markbind\navigation\main-nav.md'
2022-01-02T14:33:33.236Z - warn: You might have an invalid intra-link! Ignore this warning if it was intended.
'/dynamaker-guide/Contents/Controls%20Nav.html' found in file 'D:\Elvis's Items 2\Projects TLC\On GitHub\Dynamaker Guide\Contents\Placing Notes.md'
2022-01-02T14:33:33.237Z - warn: You might have an invalid intra-link! Ignore this warning if it was intended.
'/dynamaker-guide/Contents/Images/Blue%20Red%20Purple%20Squares.jpg?raw=true' found in file 'D:\Elvis's Items 2\Projects TLC\On GitHub\Dynamaker Guide\Contents\Placing Notes.md'
2022-01-02T14:33:33.237Z - warn: You might have an invalid intra-link! Ignore this warning if it was intended.
'/dynamaker-guide/Contents/Images/Blue%20Red%20Purple%20Squares.jpg?raw=true' found in file 'D:\Elvis's Items 2\Projects TLC\On GitHub\Dynamaker Guide\Contents\Placing Notes.md'
2022-01-02T14:33:33.238Z - warn: You might have an invalid intra-link! Ignore this warning if it was intended.
'/dynamaker-guide/Contents/Images/Yellow%20and%20Grey%20Square.jpg?raw=true' found in file 'D:\Elvis's Items 2\Projects TLC\On GitHub\Dynamaker Guide\Contents\Placing Notes.md'
2022-01-02T14:33:33.238Z - warn: You might have an invalid intra-link! Ignore this warning if it was intended.
'/dynamaker-guide/Contents/Images/Yellow%20and%20Grey%20Square.jpg?raw=true' found in file 'D:\Elvis's Items 2\Projects TLC\On GitHub\Dynamaker Guide\Contents\Placing Notes.md'
2022-01-02T14:33:33.238Z - warn: You might have an invalid intra-link! Ignore this warning if it was intended.
'/dynamaker-guide/Contents/Right%20Click%20Menu.html' found in file 'D:\Elvis's Items 2\Projects TLC\On GitHub\Dynamaker Guide\Contents\Placing Notes.md'
2022-01-02T14:33:33.256Z - warn: You might have an invalid intra-link! Ignore this warning if it was intended.
'/dynamaker-guide/Contents/Images/Dynamaker%20Guide%20Logo.png' found in file 'D:\Elvis's Items 2\Projects TLC\On GitHub\Dynamaker Guide\_markbind\headers\header.md'
2022-01-02T14:33:33.256Z - warn: You might have an invalid intra-link! Ignore this warning if it was intended.
'/dynamaker-guide/Contents/Getting%20Started.html' found in file 'D:\Elvis's Items 2\Projects TLC\On GitHub\Dynamaker Guide\_markbind\navigation\main-nav.md'
2022-01-02T14:33:33.257Z - warn: You might have an invalid intra-link! Ignore this warning if it was intended.
'/dynamaker-guide/Contents/Controls%20Nav.html' found in file 'D:\Elvis's Items 2\Projects TLC\On GitHub\Dynamaker Guide\_markbind\navigation\main-nav.md'
2022-01-02T14:33:33.257Z - warn: You might have an invalid intra-link! Ignore this warning if it was intended.
'/dynamaker-guide/Contents/Placing%20Notes.html' found in file 'D:\Elvis's Items 2\Projects TLC\On GitHub\Dynamaker Guide\_markbind\navigation\main-nav.md'
2022-01-02T14:33:33.258Z - warn: You might have an invalid intra-link! Ignore this warning if it was intended.
'/dynamaker-guide/Contents/Special%20Controls.html' found in file 'D:\Elvis's Items 2\Projects TLC\On GitHub\Dynamaker Guide\_markbind\navigation\main-nav.md'
2022-01-02T14:33:33.258Z - warn: You might have an invalid intra-link! Ignore this warning if it was intended.
'/dynamaker-guide/Contents/Controls%20Nav.html#edit_mode' found in file 'D:\Elvis's Items 2\Projects TLC\On GitHub\Dynamaker Guide\_markbind\navigation\main-nav.md'
2022-01-02T14:33:33.258Z - warn: You might have an invalid intra-link! Ignore this warning if it was intended.
'/dynamaker-guide/Contents/Special%20Controls.html#BPM' found in file 'D:\Elvis's Items 2\Projects TLC\On GitHub\Dynamaker Guide\_markbind\navigation\main-nav.md'
2022-01-02T14:33:33.259Z - warn: You might have an invalid intra-link! Ignore this warning if it was intended.
'/dynamaker-guide/Contents/Placing%20Notes.html#Troubleshooting' found in file 'D:\Elvis's Items 2\Projects TLC\On GitHub\Dynamaker Guide\Contents\Controls Nav.md'
2022-01-02T14:33:33.260Z - warn: You might have an invalid intra-link! Ignore this warning if it was intended.
'/dynamaker-guide/Contents/Placing%20Notes.html' found in file 'D:\Elvis's Items 2\Projects TLC\On GitHub\Dynamaker Guide\Contents\Controls Nav.md'
2022-01-02T14:33:33.261Z - warn: You might have an invalid intra-link! Ignore this warning if it was intended.
'/dynamaker-guide/Contents/Placing%20Notes.html#niche' found in file 'D:\Elvis's Items 2\Projects TLC\On GitHub\Dynamaker Guide\Contents\Controls Nav.md'
2022-01-02T14:33:33.261Z - warn: You might have an invalid intra-link! Ignore this warning if it was intended.
'/dynamaker-guide/Contents/Placing%20Notes.html#multi-colour' found in file 'D:\Elvis's Items 2\Projects TLC\On GitHub\Dynamaker Guide\Contents\Controls Nav.md'
2022-01-02T14:33:33.275Z - warn: You might have an invalid intra-link! Ignore this warning if it was intended.
'/dynamaker-guide/Contents/Images/Dynamaker%20Guide%20Logo.png' found in file 'D:\Elvis's Items 2\Projects TLC\On GitHub\Dynamaker Guide\_markbind\headers\header.md'
2022-01-02T14:33:33.277Z - warn: You might have an invalid intra-link! Ignore this warning if it was intended.
'/dynamaker-guide/Contents/Getting%20Started.html' found in file 'D:\Elvis's Items 2\Projects TLC\On GitHub\Dynamaker Guide\_markbind\navigation\main-nav.md'
2022-01-02T14:33:33.277Z - warn: You might have an invalid intra-link! Ignore this warning if it was intended.
'/dynamaker-guide/Contents/Controls%20Nav.html' found in file 'D:\Elvis's Items 2\Projects TLC\On GitHub\Dynamaker Guide\_markbind\navigation\main-nav.md'
2022-01-02T14:33:33.278Z - warn: You might have an invalid intra-link! Ignore this warning if it was intended.
'/dynamaker-guide/Contents/Placing%20Notes.html' found in file 'D:\Elvis's Items 2\Projects TLC\On GitHub\Dynamaker Guide\_markbind\navigation\main-nav.md'
2022-01-02T14:33:33.278Z - warn: You might have an invalid intra-link! Ignore this warning if it was intended.
'/dynamaker-guide/Contents/Special%20Controls.html' found in file 'D:\Elvis's Items 2\Projects TLC\On GitHub\Dynamaker Guide\_markbind\navigation\main-nav.md'
2022-01-02T14:33:33.279Z - warn: You might have an invalid intra-link! Ignore this warning if it was intended.
'/dynamaker-guide/Contents/Controls%20Nav.html#edit_mode' found in file 'D:\Elvis's Items 2\Projects TLC\On GitHub\Dynamaker Guide\_markbind\navigation\main-nav.md'
2022-01-02T14:33:33.279Z - warn: You might have an invalid intra-link! Ignore this warning if it was intended.
'/dynamaker-guide/Contents/Special%20Controls.html#BPM' found in file 'D:\Elvis's Items 2\Projects TLC\On GitHub\Dynamaker Guide\_markbind\navigation\main-nav.md'
2022-01-02T14:33:33.482Z - warn: You might have an invalid intra-link! Ignore this warning if it was intended.
'/dynamaker-guide/contents/topic1.html' found in file 'D:\Elvis's Items 2\Projects TLC\On GitHub\Dynamaker Guide\_markbind\layouts\default\header.md'
2022-01-02T14:33:33.484Z - warn: You might have an invalid intra-link! Ignore this warning if it was intended.
'/dynamaker-guide/contents/topic2.html' found in file 'D:\Elvis's Items 2\Projects TLC\On GitHub\Dynamaker Guide\_markbind\layouts\default\header.md'
2022-01-02T14:33:33.484Z - warn: You might have an invalid intra-link! Ignore this warning if it was intended.
'/dynamaker-guide/contents/topic3a.html' found in file 'D:\Elvis's Items 2\Projects TLC\On GitHub\Dynamaker Guide\_markbind\layouts\default\header.md'
2022-01-02T14:33:33.485Z - warn: You might have an invalid intra-link! Ignore this warning if it was intended.
'/dynamaker-guide/contents/topic3b.html' found in file 'D:\Elvis's Items 2\Projects TLC\On GitHub\Dynamaker Guide\_markbind\layouts\default\header.md'
2022-01-02T14:33:33.485Z - warn: You might have an invalid intra-link! Ignore this warning if it was intended.
'/dynamaker-guide/contents/topic1.html' found in file 'D:\Elvis's Items 2\Projects TLC\On GitHub\Dynamaker Guide\_markbind\layouts\default\navigation.md'
2022-01-02T14:33:33.485Z - warn: You might have an invalid intra-link! Ignore this warning if it was intended.
'/dynamaker-guide/contents/topic2.html' found in file 'D:\Elvis's Items 2\Projects TLC\On GitHub\Dynamaker Guide\_markbind\layouts\default\navigation.md'
2022-01-02T14:33:33.485Z - warn: You might have an invalid intra-link! Ignore this warning if it was intended.
'/dynamaker-guide/contents/topic3a.html' found in file 'D:\Elvis's Items 2\Projects TLC\On GitHub\Dynamaker Guide\_markbind\layouts\default\navigation.md'
2022-01-02T14:33:33.486Z - warn: You might have an invalid intra-link! Ignore this warning if it was intended.
'/dynamaker-guide/contents/topic3b.html' found in file 'D:\Elvis's Items 2\Projects TLC\On GitHub\Dynamaker Guide\_markbind\layouts\default\navigation.md'
2022-01-02T14:33:33.486Z - warn: You might have an invalid intra-link! Ignore this warning if it was intended.
'/dynamaker-guide/Contents/Images/Dynamaker%20Guide%20Start%20Screen.png' found in file 'D:\Elvis's Items 2\Projects TLC\On GitHub\Dynamaker Guide\index.md'
2022-01-02T14:33:33.505Z - warn: You might have an invalid intra-link! Ignore this warning if it was intended.
'/dynamaker-guide/Contents/Images/Dynamaker%20Guide%20Logo.png' found in file 'D:\Elvis's Items 2\Projects TLC\On GitHub\Dynamaker Guide\_markbind\headers\header.md'
2022-01-02T14:33:33.505Z - warn: You might have an invalid intra-link! Ignore this warning if it was intended.
'/dynamaker-guide/Contents/Getting%20Started.html' found in file 'D:\Elvis's Items 2\Projects TLC\On GitHub\Dynamaker Guide\_markbind\navigation\main-nav.md'
2022-01-02T14:33:33.506Z - warn: You might have an invalid intra-link! Ignore this warning if it was intended.
'/dynamaker-guide/Contents/Controls%20Nav.html' found in file 'D:\Elvis's Items 2\Projects TLC\On GitHub\Dynamaker Guide\_markbind\navigation\main-nav.md'
2022-01-02T14:33:33.506Z - warn: You might have an invalid intra-link! Ignore this warning if it was intended.
'/dynamaker-guide/Contents/Placing%20Notes.html' found in file 'D:\Elvis's Items 2\Projects TLC\On GitHub\Dynamaker Guide\_markbind\navigation\main-nav.md'
2022-01-02T14:33:33.506Z - warn: You might have an invalid intra-link! Ignore this warning if it was intended.
'/dynamaker-guide/Contents/Special%20Controls.html' found in file 'D:\Elvis's Items 2\Projects TLC\On GitHub\Dynamaker Guide\_markbind\navigation\main-nav.md'
2022-01-02T14:33:33.506Z - warn: You might have an invalid intra-link! Ignore this warning if it was intended.
'/dynamaker-guide/Contents/Controls%20Nav.html#edit_mode' found in file 'D:\Elvis's Items 2\Projects TLC\On GitHub\Dynamaker Guide\_markbind\navigation\main-nav.md'
2022-01-02T14:33:33.507Z - warn: You might have an invalid intra-link! Ignore this warning if it was intended.
'/dynamaker-guide/Contents/Special%20Controls.html#BPM' found in file 'D:\Elvis's Items 2\Projects TLC\On GitHub\Dynamaker Guide\_markbind\navigation\main-nav.md'
2022-01-02T14:33:33.507Z - warn: You might have an invalid intra-link! Ignore this warning if it was intended.
'/dynamaker-guide/Contents/Old%20Guide%20v1.0.txt' found in file 'D:\Elvis's Items 2\Projects TLC\On GitHub\Dynamaker Guide\mainPg.md'
2022-01-02T14:33:33.508Z - warn: You might have an invalid intra-link! Ignore this warning if it was intended.
'/dynamaker-guide/Contents/Getting%20Started.html' found in file 'D:\Elvis's Items 2\Projects TLC\On GitHub\Dynamaker Guide\mainPg.md'
2022-01-02T14:33:33.509Z - warn: You might have an invalid intra-link! Ignore this warning if it was intended.
'/dynamaker-guide/Contents/Controls%20Nav.html' found in file 'D:\Elvis's Items 2\Projects TLC\On GitHub\Dynamaker Guide\mainPg.md'
2022-01-02T14:33:33.509Z - warn: You might have an invalid intra-link! Ignore this warning if it was intended.
'/dynamaker-guide/Contents/Placing%20Notes.html' found in file 'D:\Elvis's Items 2\Projects TLC\On GitHub\Dynamaker Guide\mainPg.md'
2022-01-02T14:33:33.509Z - warn: You might have an invalid intra-link! Ignore this warning if it was intended.
'/dynamaker-guide/Contents/Special%20Controls.html' found in file 'D:\Elvis's Items 2\Projects TLC\On GitHub\Dynamaker Guide\mainPg.md'
2022-01-02T14:33:33.510Z - warn: You might have an invalid intra-link! Ignore this warning if it was intended.
'/dynamaker-guide/Contents/Placing%20Notes.html#Troubleshooting' found in file 'D:\Elvis's Items 2\Projects TLC\On GitHub\Dynamaker Guide\mainPg.md'
2022-01-02T14:33:33.510Z - warn: You might have an invalid intra-link! Ignore this warning if it was intended.
'/dynamaker-guide/Contents/Controls%20Nav.html#edit_mode' found in file 'D:\Elvis's Items 2\Projects TLC\On GitHub\Dynamaker Guide\mainPg.md'
2022-01-02T14:33:33.510Z - warn: You might have an invalid intra-link! Ignore this warning if it was intended.
'/dynamaker-guide/Contents/Placing%20Notes.html#niche' found in file 'D:\Elvis's Items 2\Projects TLC\On GitHub\Dynamaker Guide\mainPg.md'
2022-01-02T14:33:33.511Z - warn: You might have an invalid intra-link! Ignore this warning if it was intended.
'/dynamaker-guide/Contents/Controls%20Nav.html#random_stuff' found in file 'D:\Elvis's Items 2\Projects TLC\On GitHub\Dynamaker Guide\mainPg.md'
2022-01-02T14:33:33.512Z - warn: You might have an invalid intra-link! Ignore this warning if it was intended.
'/dynamaker-guide/Contents/Special%20Controls.html#BPM' found in file 'D:\Elvis's Items 2\Projects TLC\On GitHub\Dynamaker Guide\mainPg.md'
2022-01-02T14:33:33.520Z - warn: You might have an invalid intra-link! Ignore this warning if it was intended.
'/dynamaker-guide/contents/topic1.html' found in file 'D:\Elvis's Items 2\Projects TLC\On GitHub\Dynamaker Guide\_markbind\layouts\default\header.md'
2022-01-02T14:33:33.520Z - warn: You might have an invalid intra-link! Ignore this warning if it was intended.
'/dynamaker-guide/contents/topic2.html' found in file 'D:\Elvis's Items 2\Projects TLC\On GitHub\Dynamaker Guide\_markbind\layouts\default\header.md'
2022-01-02T14:33:33.520Z - warn: You might have an invalid intra-link! Ignore this warning if it was intended.
'/dynamaker-guide/contents/topic3a.html' found in file 'D:\Elvis's Items 2\Projects TLC\On GitHub\Dynamaker Guide\_markbind\layouts\default\header.md'
2022-01-02T14:33:33.521Z - warn: You might have an invalid intra-link! Ignore this warning if it was intended.
'/dynamaker-guide/contents/topic3b.html' found in file 'D:\Elvis's Items 2\Projects TLC\On GitHub\Dynamaker Guide\_markbind\layouts\default\header.md'
2022-01-02T14:33:33.521Z - warn: You might have an invalid intra-link! Ignore this warning if it was intended.
'/dynamaker-guide/contents/topic1.html' found in file 'D:\Elvis's Items 2\Projects TLC\On GitHub\Dynamaker Guide\_markbind\layouts\default\navigation.md'
2022-01-02T14:33:33.521Z - warn: You might have an invalid intra-link! Ignore this warning if it was intended.
'/dynamaker-guide/contents/topic2.html' found in file 'D:\Elvis's Items 2\Projects TLC\On GitHub\Dynamaker Guide\_markbind\layouts\default\navigation.md'
2022-01-02T14:33:33.521Z - warn: You might have an invalid intra-link! Ignore this warning if it was intended.
'/dynamaker-guide/contents/topic3a.html' found in file 'D:\Elvis's Items 2\Projects TLC\On GitHub\Dynamaker Guide\_markbind\layouts\default\navigation.md'
2022-01-02T14:33:33.522Z - warn: You might have an invalid intra-link! Ignore this warning if it was intended.
'/dynamaker-guide/contents/topic3b.html' found in file 'D:\Elvis's Items 2\Projects TLC\On GitHub\Dynamaker Guide\_markbind\layouts\default\navigation.md'
2022-01-02T14:33:33.523Z - warn: You might have an invalid intra-link! Ignore this warning if it was intended.
'/Contents/Old%20Guide%20v1.0.txt' found in file 'D:\Elvis's Items 2\Projects TLC\On GitHub\Dynamaker Guide\README.md'
2022-01-02T14:33:33.567Z - warn: You might have an invalid intra-link! Ignore this warning if it was intended.
'/dynamaker-guide/contents/topic1.html' found in file 'D:\Elvis's Items 2\Projects TLC\On GitHub\Dynamaker Guide\_markbind\layouts\default\header.md'
2022-01-02T14:33:33.569Z - warn: You might have an invalid intra-link! Ignore this warning if it was intended.
'/dynamaker-guide/contents/topic2.html' found in file 'D:\Elvis's Items 2\Projects TLC\On GitHub\Dynamaker Guide\_markbind\layouts\default\header.md'
2022-01-02T14:33:33.569Z - warn: You might have an invalid intra-link! Ignore this warning if it was intended.
'/dynamaker-guide/contents/topic3a.html' found in file 'D:\Elvis's Items 2\Projects TLC\On GitHub\Dynamaker Guide\_markbind\layouts\default\header.md'
2022-01-02T14:33:33.570Z - warn: You might have an invalid intra-link! Ignore this warning if it was intended.
'/dynamaker-guide/contents/topic3b.html' found in file 'D:\Elvis's Items 2\Projects TLC\On GitHub\Dynamaker Guide\_markbind\layouts\default\header.md'
2022-01-02T14:33:33.570Z - warn: You might have an invalid intra-link! Ignore this warning if it was intended.
'/dynamaker-guide/contents/topic1.html' found in file 'D:\Elvis's Items 2\Projects TLC\On GitHub\Dynamaker Guide\_markbind\layouts\default\navigation.md'
2022-01-02T14:33:33.570Z - warn: You might have an invalid intra-link! Ignore this warning if it was intended.
'/dynamaker-guide/contents/topic2.html' found in file 'D:\Elvis's Items 2\Projects TLC\On GitHub\Dynamaker Guide\_markbind\layouts\default\navigation.md'
2022-01-02T14:33:33.570Z - warn: You might have an invalid intra-link! Ignore this warning if it was intended.
'/dynamaker-guide/contents/topic3a.html' found in file 'D:\Elvis's Items 2\Projects TLC\On GitHub\Dynamaker Guide\_markbind\layouts\default\navigation.md'
2022-01-02T14:33:33.571Z - warn: You might have an invalid intra-link! Ignore this warning if it was intended.
'/dynamaker-guide/contents/topic3b.html' found in file 'D:\Elvis's Items 2\Projects TLC\On GitHub\Dynamaker Guide\_markbind\layouts\default\navigation.md'
2022-01-02T14:33:33.630Z - warn: You might have an invalid intra-link! Ignore this warning if it was intended.
'/dynamaker-guide/contents/topic1.html' found in file 'D:\Elvis's Items 2\Projects TLC\On GitHub\Dynamaker Guide\_markbind\layouts\default\header.md'
2022-01-02T14:33:33.631Z - warn: You might have an invalid intra-link! Ignore this warning if it was intended.
'/dynamaker-guide/contents/topic2.html' found in file 'D:\Elvis's Items 2\Projects TLC\On GitHub\Dynamaker Guide\_markbind\layouts\default\header.md'
2022-01-02T14:33:33.631Z - warn: You might have an invalid intra-link! Ignore this warning if it was intended.
'/dynamaker-guide/contents/topic3a.html' found in file 'D:\Elvis's Items 2\Projects TLC\On GitHub\Dynamaker Guide\_markbind\layouts\default\header.md'
2022-01-02T14:33:33.631Z - warn: You might have an invalid intra-link! Ignore this warning if it was intended.
'/dynamaker-guide/contents/topic3b.html' found in file 'D:\Elvis's Items 2\Projects TLC\On GitHub\Dynamaker Guide\_markbind\layouts\default\header.md'
2022-01-02T14:33:33.632Z - warn: You might have an invalid intra-link! Ignore this warning if it was intended.
'/dynamaker-guide/contents/topic1.html' found in file 'D:\Elvis's Items 2\Projects TLC\On GitHub\Dynamaker Guide\_markbind\layouts\default\navigation.md'
2022-01-02T14:33:33.632Z - warn: You might have an invalid intra-link! Ignore this warning if it was intended.
'/dynamaker-guide/contents/topic2.html' found in file 'D:\Elvis's Items 2\Projects TLC\On GitHub\Dynamaker Guide\_markbind\layouts\default\navigation.md'
2022-01-02T14:33:33.632Z - warn: You might have an invalid intra-link! Ignore this warning if it was intended.
'/dynamaker-guide/contents/topic3a.html' found in file 'D:\Elvis's Items 2\Projects TLC\On GitHub\Dynamaker Guide\_markbind\layouts\default\navigation.md'
2022-01-02T14:33:33.632Z - warn: You might have an invalid intra-link! Ignore this warning if it was intended.
'/dynamaker-guide/contents/topic3b.html' found in file 'D:\Elvis's Items 2\Projects TLC\On GitHub\Dynamaker Guide\_markbind\layouts\default\navigation.md'
2022-01-02T14:33:33.633Z - warn: You might have an invalid intra-link! Ignore this warning if it was intended.
'/Contents/Images/Blue%20Red%20Purple%20Squares.jpg?raw=true' found in file 'D:\Elvis's Items 2\Projects TLC\On GitHub\Dynamaker Guide\OLDContents\Placing Notes.md'
2022-01-02T14:33:33.634Z - warn: You might have an invalid intra-link! Ignore this warning if it was intended.
'/Contents/Images/Blue%20Red%20Purple%20Squares.jpg?raw=true' found in file 'D:\Elvis's Items 2\Projects TLC\On GitHub\Dynamaker Guide\OLDContents\Placing Notes.md'
2022-01-02T14:33:33.635Z - warn: You might have an invalid intra-link! Ignore this warning if it was intended.
'/Contents/Images/Yellow%20and%20Grey%20Square.jpg?raw=true' found in file 'D:\Elvis's Items 2\Projects TLC\On GitHub\Dynamaker Guide\OLDContents\Placing Notes.md'
2022-01-02T14:33:33.635Z - warn: You might have an invalid intra-link! Ignore this warning if it was intended.
'/Contents/Images/Yellow%20and%20Grey%20Square.jpg?raw=true' found in file 'D:\Elvis's Items 2\Projects TLC\On GitHub\Dynamaker Guide\OLDContents\Placing Notes.md'
2022-01-02T14:33:33.656Z - warn: You might have an invalid intra-link! Ignore this warning if it was intended.
'/dynamaker-guide/contents/topic1.html' found in file 'D:\Elvis's Items 2\Projects TLC\On GitHub\Dynamaker Guide\_markbind\layouts\default\header.md'
2022-01-02T14:33:33.657Z - warn: You might have an invalid intra-link! Ignore this warning if it was intended.
'/dynamaker-guide/contents/topic2.html' found in file 'D:\Elvis's Items 2\Projects TLC\On GitHub\Dynamaker Guide\_markbind\layouts\default\header.md'
2022-01-02T14:33:33.658Z - warn: You might have an invalid intra-link! Ignore this warning if it was intended.
'/dynamaker-guide/contents/topic3a.html' found in file 'D:\Elvis's Items 2\Projects TLC\On GitHub\Dynamaker Guide\_markbind\layouts\default\header.md'
2022-01-02T14:33:33.658Z - warn: You might have an invalid intra-link! Ignore this warning if it was intended.
'/dynamaker-guide/contents/topic3b.html' found in file 'D:\Elvis's Items 2\Projects TLC\On GitHub\Dynamaker Guide\_markbind\layouts\default\header.md'
2022-01-02T14:33:33.658Z - warn: You might have an invalid intra-link! Ignore this warning if it was intended.
'/dynamaker-guide/contents/topic1.html' found in file 'D:\Elvis's Items 2\Projects TLC\On GitHub\Dynamaker Guide\_markbind\layouts\default\navigation.md'
2022-01-02T14:33:33.659Z - warn: You might have an invalid intra-link! Ignore this warning if it was intended.
'/dynamaker-guide/contents/topic2.html' found in file 'D:\Elvis's Items 2\Projects TLC\On GitHub\Dynamaker Guide\_markbind\layouts\default\navigation.md'
2022-01-02T14:33:33.660Z - warn: You might have an invalid intra-link! Ignore this warning if it was intended.
'/dynamaker-guide/contents/topic3a.html' found in file 'D:\Elvis's Items 2\Projects TLC\On GitHub\Dynamaker Guide\_markbind\layouts\default\navigation.md'
2022-01-02T14:33:33.660Z - warn: You might have an invalid intra-link! Ignore this warning if it was intended.
'/dynamaker-guide/contents/topic3b.html' found in file 'D:\Elvis's Items 2\Projects TLC\On GitHub\Dynamaker Guide\_markbind\layouts\default\navigation.md'
2022-01-02T14:33:33.670Z - warn: You might have an invalid intra-link! Ignore this warning if it was intended.
'/dynamaker-guide/contents/topic1.html' found in file 'D:\Elvis's Items 2\Projects TLC\On GitHub\Dynamaker Guide\_markbind\layouts\default\header.md'
2022-01-02T14:33:33.670Z - warn: You might have an invalid intra-link! Ignore this warning if it was intended.
'/dynamaker-guide/contents/topic2.html' found in file 'D:\Elvis's Items 2\Projects TLC\On GitHub\Dynamaker Guide\_markbind\layouts\default\header.md'
2022-01-02T14:33:33.671Z - warn: You might have an invalid intra-link! Ignore this warning if it was intended.
'/dynamaker-guide/contents/topic3a.html' found in file 'D:\Elvis's Items 2\Projects TLC\On GitHub\Dynamaker Guide\_markbind\layouts\default\header.md'
2022-01-02T14:33:33.671Z - warn: You might have an invalid intra-link! Ignore this warning if it was intended.
'/dynamaker-guide/contents/topic3b.html' found in file 'D:\Elvis's Items 2\Projects TLC\On GitHub\Dynamaker Guide\_markbind\layouts\default\header.md'
2022-01-02T14:33:33.671Z - warn: You might have an invalid intra-link! Ignore this warning if it was intended.
'/dynamaker-guide/contents/topic1.html' found in file 'D:\Elvis's Items 2\Projects TLC\On GitHub\Dynamaker Guide\_markbind\layouts\default\navigation.md'
2022-01-02T14:33:33.671Z - warn: You might have an invalid intra-link! Ignore this warning if it was intended.
'/dynamaker-guide/contents/topic2.html' found in file 'D:\Elvis's Items 2\Projects TLC\On GitHub\Dynamaker Guide\_markbind\layouts\default\navigation.md'
2022-01-02T14:33:33.672Z - warn: You might have an invalid intra-link! Ignore this warning if it was intended.
'/dynamaker-guide/contents/topic3a.html' found in file 'D:\Elvis's Items 2\Projects TLC\On GitHub\Dynamaker Guide\_markbind\layouts\default\navigation.md'
2022-01-02T14:33:33.673Z - warn: You might have an invalid intra-link! Ignore this warning if it was intended.
'/dynamaker-guide/contents/topic3b.html' found in file 'D:\Elvis's Items 2\Projects TLC\On GitHub\Dynamaker Guide\_markbind\layouts\default\navigation.md'
2022-01-02T14:33:33.726Z - info: Pages built
2022-01-02T14:33:34.336Z - info: Site data built
2022-01-02T14:33:34.337Z - info: Website generation complete! Total build time: 2.174s
2022-01-02T14:33:34.530Z - info: Serving "D:\Elvis's Items 2\Projects TLC\On GitHub\Dynamaker Guide\_site" at http://127.0.0.1:8080
2022-01-02T14:33:34.531Z - info: Press CTRL+C to stop ...
